#
# There is insufficient memory for the Java Runtime Environment to continue.
# Native memory allocation (malloc) failed to allocate 1178576 bytes for Chunk::new
# Possible reasons:
#   The system is out of physical RAM or swap space
#   In 32 bit mode, the process size limit was hit
# Possible solutions:
#   Reduce memory load on the system
#   Increase physical memory or swap space
#   Check if swap backing store is full
#   Use 64 bit Java on a 64 bit OS
#   Decrease Java heap size (-Xmx/-Xms)
#   Decrease number of Java threads
#   Decrease Java thread stack sizes (-Xss)
#   Set larger code cache with -XX:ReservedCodeCacheSize=
# This output file may be truncated or incomplete.
#
#  Out of Memory Error (allocation.cpp:390), pid=19888, tid=0x0000000000006f20
#
# JRE version: OpenJDK Runtime Environment (8.0_152-b02) (build 1.8.0_152-release-1024-b02)
# Java VM: OpenJDK 64-Bit Server VM (25.152-b02 mixed mode windows-amd64 compressed oops)
# Failed to write core dump. Minidumps are not enabled by default on client versions of Windows
#

---------------  T H R E A D  ---------------

Current thread (0x0000000015e1c000):  JavaThread "C2 CompilerThread1" daemon [_thread_in_native, id=28448, stack(0x0000000017590000,0x0000000017690000)]

Stack: [0x0000000017590000,0x0000000017690000]
[error occurred during error reporting (printing stack bounds), id 0xc0000005]

Native frames: (J=compiled Java code, j=interpreted, Vv=VM code, C=native code)


Current CompileTask:
C2: 472762 16123   !   4       org.gradle.api.internal.AbstractClassGenerator::generateUnderLock (1123 bytes)


---------------  P R O C E S S  ---------------

Java Threads: ( => current thread )
  0x000000001b0ca000 JavaThread "Task worker for ':' Thread 3" [_thread_in_native, id=31188, stack(0x000000002df70000,0x000000002e070000)]
  0x000000001b0cc800 JavaThread "Task worker for ':' Thread 2" [_thread_blocked, id=29880, stack(0x000000002de70000,0x000000002df70000)]
  0x000000001b0c6800 JavaThread "Task worker for ':'" [_thread_blocked, id=10864, stack(0x000000002dd70000,0x000000002de70000)]
  0x000000001b0cb800 JavaThread "Cache worker for Build Output Cleanup Cache (C:\Users\Jonnathan\Desktop\ionic\impecappble-provider\platforms\Multas\.gradle\buildOutputCleanup)" [_thread_blocked, id=22836, stack(0x000000002dc70000,0x000000002dd70000)]
  0x000000001b0c9800 JavaThread "Cache worker for task history cache (C:\Users\Jonnathan\Desktop\ionic\impecappble-provider\platforms\Multas\.gradle\4.4\taskHistory)" [_thread_blocked, id=29136, stack(0x000000002db70000,0x000000002dc70000)]
  0x000000001b0c8800 JavaThread "Cache worker for file content cache (C:\Users\Jonnathan\Desktop\ionic\impecappble-provider\platforms\Multas\.gradle\4.4\fileContent)" [_thread_blocked, id=30228, stack(0x000000002da70000,0x000000002db70000)]
  0x000000001b0bf000 JavaThread "build operations Thread 4" [_thread_blocked, id=7712, stack(0x000000002d970000,0x000000002da70000)]
  0x000000001b0c0800 JavaThread "build operations Thread 3" [_thread_blocked, id=31780, stack(0x000000002d870000,0x000000002d970000)]
  0x000000001b0c5800 JavaThread "build operations Thread 2" [_thread_blocked, id=18684, stack(0x000000002d770000,0x000000002d870000)]
  0x000000001b0be000 JavaThread "build operations" [_thread_blocked, id=26856, stack(0x000000002d670000,0x000000002d770000)]
  0x000000001b0c4000 JavaThread "Cache worker for Artifact transforms cache (C:\Users\Jonnathan\.gradle\caches\transforms-1)" [_thread_blocked, id=28220, stack(0x000000002d570000,0x000000002d670000)]
  0x000000001b0bf800 JavaThread "Cache worker for file hash cache (C:\Users\Jonnathan\Desktop\ionic\impecappble-provider\platforms\Multas\.gradle\4.4\fileHashes)" [_thread_blocked, id=27660, stack(0x000000002d470000,0x000000002d570000)]
  0x000000001b0c5000 JavaThread "Stdin handler" [_thread_blocked, id=7292, stack(0x000000002d370000,0x000000002d470000)]
  0x000000001b0c2800 JavaThread "Asynchronous log dispatcher for DefaultDaemonConnection: socket connection from /127.0.0.1:63958 to /127.0.0.1:64490" [_thread_blocked, id=27048, stack(0x000000002d270000,0x000000002d370000)]
  0x000000001b0c2000 JavaThread "Cancel handler" [_thread_blocked, id=26252, stack(0x000000002d170000,0x000000002d270000)]
  0x000000001b0c3800 JavaThread "Handler for socket connection from /127.0.0.1:63958 to /127.0.0.1:64490" [_thread_in_native, id=30832, stack(0x000000002d070000,0x000000002d170000)]
  0x0000000018fc8000 JavaThread "Daemon worker Thread 3" [_thread_blocked, id=20352, stack(0x000000002a570000,0x000000002a670000)]
  0x000000001d5d3000 JavaThread "Daemon Thread 3" [_thread_blocked, id=30576, stack(0x000000002a270000,0x000000002a370000)]
  0x0000000018fcc000 JavaThread "Memory manager" [_thread_blocked, id=30924, stack(0x00000000208b0000,0x00000000209b0000)]
  0x00000000193e6800 JavaThread "File lock request listener" [_thread_in_native, id=19528, stack(0x000000001b8d0000,0x000000001b9d0000)]
  0x0000000018e86800 JavaThread "Cache worker for file hash cache (C:\Users\Jonnathan\.gradle\caches\4.4\fileHashes)" [_thread_blocked, id=25832, stack(0x000000001a800000,0x000000001a900000)]
  0x0000000018d81800 JavaThread "Daemon periodic checks" [_thread_blocked, id=16580, stack(0x0000000019d00000,0x0000000019e00000)]
  0x0000000018d6c000 JavaThread "Incoming local TCP Connector on port 63958" [_thread_in_native, id=27420, stack(0x0000000019aa0000,0x0000000019ba0000)]
  0x0000000015e7e000 JavaThread "Service Thread" daemon [_thread_blocked, id=31156, stack(0x0000000017b90000,0x0000000017c90000)]
  0x0000000015e24000 JavaThread "C1 CompilerThread2" daemon [_thread_blocked, id=28036, stack(0x0000000017690000,0x0000000017790000)]
=>0x0000000015e1c000 JavaThread "C2 CompilerThread1" daemon [_thread_in_native, id=28448, stack(0x0000000017590000,0x0000000017690000)]
  0x0000000015e28800 JavaThread "C2 CompilerThread0" daemon [_thread_in_native, id=18492, stack(0x0000000017490000,0x0000000017590000)]
  0x0000000015e27000 JavaThread "Attach Listener" daemon [_thread_blocked, id=26764, stack(0x0000000017390000,0x0000000017490000)]
  0x0000000015e26000 JavaThread "Signal Dispatcher" daemon [_thread_blocked, id=29444, stack(0x0000000017290000,0x0000000017390000)]
  0x00000000023ac800 JavaThread "Finalizer" daemon [_thread_blocked, id=31764, stack(0x0000000017070000,0x0000000017170000)]
  0x00000000023a1800 JavaThread "Reference Handler" daemon [_thread_blocked, id=12388, stack(0x0000000016f70000,0x0000000017070000)]
  0x00000000022b2800 JavaThread "main" [_thread_blocked, id=25664, stack(0x0000000002110000,0x0000000002210000)]

Other Threads:
  0x0000000015de6000 VMThread [stack: 0x0000000016e70000,0x0000000016f70000] [id=26504]
  0x00000000177a1800 WatcherThread [stack: 0x0000000017c90000,0x0000000017d90000] [id=31040]

VM state:not at safepoint (normal execution)

VM Mutex/Monitor currently owned by a thread: None

Heap:
 PSYoungGen      total 144896K, used 73915K [0x00000000e0000000, 0x00000000eb480000, 0x0000000100000000)
  eden space 130560K, 56% used [0x00000000e0000000,0x00000000e482ee20,0x00000000e7f80000)
  from space 14336K, 0% used [0x00000000e8300000,0x00000000e8300000,0x00000000e9100000)
  to   space 27136K, 0% used [0x00000000e9a00000,0x00000000e9a00000,0x00000000eb480000)
 ParOldGen       total 241664K, used 74373K [0x00000000a0000000, 0x00000000aec00000, 0x00000000e0000000)
  object space 241664K, 30% used [0x00000000a0000000,0x00000000a48a1670,0x00000000aec00000)
 Metaspace       used 95133K, capacity 99242K, committed 99416K, reserved 1136640K
  class space    used 12176K, capacity 13042K, committed 13184K, reserved 1048576K

Card table byte_map: [0x0000000011870000,0x0000000011b80000] byte_map_base: 0x0000000011370000

Marking Bits: (ParMarkBitMap*) 0x0000000052624970
 Begin Bits: [0x0000000012180000, 0x0000000013980000)
 End Bits:   [0x0000000013980000, 0x0000000015180000)

Polling page: 0x00000000006f0000

CodeCache: size=245760Kb used=45726Kb max_used=46115Kb free=200033Kb
 bounds [0x00000000024b0000, 0x0000000005200000, 0x00000000114b0000]
 total_blobs=14119 nmethods=13267 adapters=763
 compilation: enabled

Compilation events (10 events):
Event: 472.678 Thread 0x0000000015e24000 nmethod 16317 0x0000000004ed2590 code [0x0000000004ed28c0, 0x0000000004ed45a8]
Event: 472.678 Thread 0x0000000015e24000 16318   !   3       org.apache.tools.ant.DirectoryScanner::getDefaultExcludes (36 bytes)
Event: 472.679 Thread 0x0000000015e24000 nmethod 16318 0x0000000003910550 code [0x00000000039106e0, 0x0000000003910d68]
Event: 472.679 Thread 0x0000000015e24000 16319       3       org.gradle.api.internal.file.collections.DirectoryFileTree::walkDir (60 bytes)
Event: 472.679 Thread 0x0000000015e24000 nmethod 16319 0x00000000035e5410 code [0x00000000035e55c0, 0x00000000035e5d88]
Event: 472.685 Thread 0x0000000015e28800 16320       4       com.google.common.collect.Multimaps$CustomListMultimap::createCollection (5 bytes)
Event: 472.689 Thread 0x0000000015e28800 nmethod 16320 0x0000000003094150 code [0x00000000030942c0, 0x00000000030945b8]
Event: 472.689 Thread 0x0000000015e28800 16321       4       org.gradle.api.internal.changedetection.state.AbstractNormalizedFileSnapshot::hashCode (23 bytes)
Event: 472.691 Thread 0x0000000015e24000 16322       1       org.gradle.api.internal.tasks.AbstractTaskOutputPropertySpec::isOptional (5 bytes)
Event: 472.691 Thread 0x0000000015e24000 nmethod 16322 0x0000000004312f50 code [0x00000000043130a0, 0x00000000043131b0]

GC Heap History (10 events):
Event: 427.467 GC heap before
{Heap before GC invocations=25 (full 3):
 PSYoungGen      total 170496K, used 170474K [0x00000000e0000000, 0x00000000ec900000, 0x0000000100000000)
  eden space 145408K, 100% used [0x00000000e0000000,0x00000000e8e00000,0x00000000e8e00000)
  from space 25088K, 99% used [0x00000000e9200000,0x00000000eaa7aa40,0x00000000eaa80000)
  to   space 30208K, 0% used [0x00000000eab80000,0x00000000eab80000,0x00000000ec900000)
 ParOldGen       total 147456K, used 64305K [0x00000000a0000000, 0x00000000a9000000, 0x00000000e0000000)
  object space 147456K, 43% used [0x00000000a0000000,0x00000000a3ecc7d0,0x00000000a9000000)
 Metaspace       used 89839K, capacity 93772K, committed 93784K, reserved 1130496K
  class space    used 11555K, capacity 12404K, committed 12416K, reserved 1048576K
Event: 427.498 GC heap after
Heap after GC invocations=25 (full 3):
 PSYoungGen      total 166400K, used 8619K [0x00000000e0000000, 0x00000000ec400000, 0x0000000100000000)
  eden space 141312K, 0% used [0x00000000e0000000,0x00000000e0000000,0x00000000e8a00000)
  from space 25088K, 34% used [0x00000000eab80000,0x00000000eb3eaf58,0x00000000ec400000)
  to   space 29696K, 0% used [0x00000000e8a00000,0x00000000e8a00000,0x00000000ea700000)
 ParOldGen       total 147456K, used 79702K [0x00000000a0000000, 0x00000000a9000000, 0x00000000e0000000)
  object space 147456K, 54% used [0x00000000a0000000,0x00000000a4dd59e8,0x00000000a9000000)
 Metaspace       used 89839K, capacity 93772K, committed 93784K, reserved 1130496K
  class space    used 11555K, capacity 12404K, committed 12416K, reserved 1048576K
}
Event: 431.504 GC heap before
{Heap before GC invocations=26 (full 3):
 PSYoungGen      total 166400K, used 149931K [0x00000000e0000000, 0x00000000ec400000, 0x0000000100000000)
  eden space 141312K, 100% used [0x00000000e0000000,0x00000000e8a00000,0x00000000e8a00000)
  from space 25088K, 34% used [0x00000000eab80000,0x00000000eb3eaf58,0x00000000ec400000)
  to   space 29696K, 0% used [0x00000000e8a00000,0x00000000e8a00000,0x00000000ea700000)
 ParOldGen       total 147456K, used 79702K [0x00000000a0000000, 0x00000000a9000000, 0x00000000e0000000)
  object space 147456K, 54% used [0x00000000a0000000,0x00000000a4dd59e8,0x00000000a9000000)
 Metaspace       used 90292K, capacity 94342K, committed 94424K, reserved 1130496K
  class space    used 11602K, capacity 12489K, committed 12544K, reserved 1048576K
Event: 431.520 GC heap after
Heap after GC invocations=26 (full 3):
 PSYoungGen      total 145408K, used 7440K [0x00000000e0000000, 0x00000000ebf80000, 0x0000000100000000)
  eden space 137728K, 0% used [0x00000000e0000000,0x00000000e0000000,0x00000000e8680000)
  from space 7680K, 96% used [0x00000000e8a00000,0x00000000e9144210,0x00000000e9180000)
  to   space 29184K, 0% used [0x00000000ea300000,0x00000000ea300000,0x00000000ebf80000)
 ParOldGen       total 147456K, used 79710K [0x00000000a0000000, 0x00000000a9000000, 0x00000000e0000000)
  object space 147456K, 54% used [0x00000000a0000000,0x00000000a4dd79e8,0x00000000a9000000)
 Metaspace       used 90292K, capacity 94342K, committed 94424K, reserved 1130496K
  class space    used 11602K, capacity 12489K, committed 12544K, reserved 1048576K
}
Event: 433.844 GC heap before
{Heap before GC invocations=27 (full 3):
 PSYoungGen      total 145408K, used 145168K [0x00000000e0000000, 0x00000000ebf80000, 0x0000000100000000)
  eden space 137728K, 100% used [0x00000000e0000000,0x00000000e8680000,0x00000000e8680000)
  from space 7680K, 96% used [0x00000000e8a00000,0x00000000e9144210,0x00000000e9180000)
  to   space 29184K, 0% used [0x00000000ea300000,0x00000000ea300000,0x00000000ebf80000)
 ParOldGen       total 147456K, used 79710K [0x00000000a0000000, 0x00000000a9000000, 0x00000000e0000000)
  object space 147456K, 54% used [0x00000000a0000000,0x00000000a4dd79e8,0x00000000a9000000)
 Metaspace       used 90298K, capacity 94342K, committed 94424K, reserved 1130496K
  class space    used 11602K, capacity 12489K, committed 12544K, reserved 1048576K
Event: 433.858 GC heap after
Heap after GC invocations=27 (full 3):
 PSYoungGen      total 157696K, used 8230K [0x00000000e0000000, 0x00000000eba00000, 0x0000000100000000)
  eden space 134144K, 0% used [0x00000000e0000000,0x00000000e0000000,0x00000000e8300000)
  from space 23552K, 34% used [0x00000000ea300000,0x00000000eab098a8,0x00000000eba00000)
  to   space 28160K, 0% used [0x00000000e8300000,0x00000000e8300000,0x00000000e9e80000)
 ParOldGen       total 147456K, used 79718K [0x00000000a0000000, 0x00000000a9000000, 0x00000000e0000000)
  object space 147456K, 54% used [0x00000000a0000000,0x00000000a4dd99e8,0x00000000a9000000)
 Metaspace       used 90298K, capacity 94342K, committed 94424K, reserved 1130496K
  class space    used 11602K, capacity 12489K, committed 12544K, reserved 1048576K
}
Event: 439.523 GC heap before
{Heap before GC invocations=28 (full 3):
 PSYoungGen      total 157696K, used 89231K [0x00000000e0000000, 0x00000000eba00000, 0x0000000100000000)
  eden space 134144K, 60% used [0x00000000e0000000,0x00000000e4f1a3a8,0x00000000e8300000)
  from space 23552K, 34% used [0x00000000ea300000,0x00000000eab098a8,0x00000000eba00000)
  to   space 28160K, 0% used [0x00000000e8300000,0x00000000e8300000,0x00000000e9e80000)
 ParOldGen       total 147456K, used 79718K [0x00000000a0000000, 0x00000000a9000000, 0x00000000e0000000)
  object space 147456K, 54% used [0x00000000a0000000,0x00000000a4dd99e8,0x00000000a9000000)
 Metaspace       used 94162K, capacity 98150K, committed 98264K, reserved 1134592K
  class space    used 12101K, capacity 12969K, committed 13056K, reserved 1048576K
Event: 439.538 GC heap after
Heap after GC invocations=28 (full 3):
 PSYoungGen      total 144896K, used 14130K [0x00000000e0000000, 0x00000000eb480000, 0x0000000100000000)
  eden space 130560K, 0% used [0x00000000e0000000,0x00000000e0000000,0x00000000e7f80000)
  from space 14336K, 98% used [0x00000000e8300000,0x00000000e90ccad8,0x00000000e9100000)
  to   space 27136K, 0% used [0x00000000e9a00000,0x00000000e9a00000,0x00000000eb480000)
 ParOldGen       total 147456K, used 79726K [0x00000000a0000000, 0x00000000a9000000, 0x00000000e0000000)
  object space 147456K, 54% used [0x00000000a0000000,0x00000000a4ddb9e8,0x00000000a9000000)
 Metaspace       used 94162K, capacity 98150K, committed 98264K, reserved 1134592K
  class space    used 12101K, capacity 12969K, committed 13056K, reserved 1048576K
}
Event: 439.538 GC heap before
{Heap before GC invocations=29 (full 4):
 PSYoungGen      total 144896K, used 14130K [0x00000000e0000000, 0x00000000eb480000, 0x0000000100000000)
  eden space 130560K, 0% used [0x00000000e0000000,0x00000000e0000000,0x00000000e7f80000)
  from space 14336K, 98% used [0x00000000e8300000,0x00000000e90ccad8,0x00000000e9100000)
  to   space 27136K, 0% used [0x00000000e9a00000,0x00000000e9a00000,0x00000000eb480000)
 ParOldGen       total 147456K, used 79726K [0x00000000a0000000, 0x00000000a9000000, 0x00000000e0000000)
  object space 147456K, 54% used [0x00000000a0000000,0x00000000a4ddb9e8,0x00000000a9000000)
 Metaspace       used 94162K, capacity 98150K, committed 98264K, reserved 1134592K
  class space    used 12101K, capacity 12969K, committed 13056K, reserved 1048576K
Event: 439.911 GC heap after
Heap after GC invocations=29 (full 4):
 PSYoungGen      total 144896K, used 0K [0x00000000e0000000, 0x00000000eb480000, 0x0000000100000000)
  eden space 130560K, 0% used [0x00000000e0000000,0x00000000e0000000,0x00000000e7f80000)
  from space 14336K, 0% used [0x00000000e8300000,0x00000000e8300000,0x00000000e9100000)
  to   space 27136K, 0% used [0x00000000e9a00000,0x00000000e9a00000,0x00000000eb480000)
 ParOldGen       total 241664K, used 74373K [0x00000000a0000000, 0x00000000aec00000, 0x00000000e0000000)
  object space 241664K, 30% used [0x00000000a0000000,0x00000000a48a1670,0x00000000aec00000)
 Metaspace       used 94098K, capacity 98010K, committed 98264K, reserved 1134592K
  class space    used 12081K, capacity 12944K, committed 13056K, reserved 1048576K
}

Deoptimization events (10 events):
Event: 471.903 Thread 0x0000000018fc8000 Uncommon trap: reason=unstable_if action=reinterpret pc=0x0000000004eb5298 method=org.apache.commons.lang.StringUtils.splitWorker(Ljava/lang/String;Ljava/lang/String;IZ)[Ljava/lang/String; @ 142
Event: 471.939 Thread 0x0000000018fc8000 Uncommon trap: reason=bimorphic action=maybe_recompile pc=0x0000000003d4ca7c method=com.sun.org.apache.xerces.internal.dom.ElementImpl.getAttributes()Lorg/w3c/dom/NamedNodeMap; @ 8
Event: 471.940 Thread 0x0000000018fc8000 Uncommon trap: reason=speculate_class_check action=maybe_recompile pc=0x0000000004e37c10 method=com.sun.org.apache.xerces.internal.dom.AttrImpl.getNodeName()Ljava/lang/String; @ 8
Event: 471.940 Thread 0x0000000018fc8000 Uncommon trap: reason=speculate_class_check action=maybe_recompile pc=0x0000000004e37c10 method=com.sun.org.apache.xerces.internal.dom.AttrImpl.getNodeName()Ljava/lang/String; @ 8
Event: 471.940 Thread 0x0000000018fc8000 Uncommon trap: reason=speculate_class_check action=maybe_recompile pc=0x0000000004e37c10 method=com.sun.org.apache.xerces.internal.dom.AttrImpl.getNodeName()Ljava/lang/String; @ 8
Event: 471.940 Thread 0x0000000018fc8000 Uncommon trap: reason=speculate_class_check action=maybe_recompile pc=0x0000000004e37c10 method=com.sun.org.apache.xerces.internal.dom.AttrImpl.getNodeName()Ljava/lang/String; @ 8
Event: 471.940 Thread 0x0000000018fc8000 Uncommon trap: reason=unstable_if action=reinterpret pc=0x00000000032d4f0c method=com.sun.org.apache.xerces.internal.dom.AttrImpl.getValue()Ljava/lang/String; @ 15
Event: 471.940 Thread 0x0000000018fc8000 Uncommon trap: reason=class_check action=maybe_recompile pc=0x0000000003cf66ac method=com.sun.org.apache.xerces.internal.dom.AttrImpl.getValue()Ljava/lang/String; @ 19
Event: 471.940 Thread 0x0000000018fc8000 Uncommon trap: reason=class_check action=maybe_recompile pc=0x0000000003cf66ac method=com.sun.org.apache.xerces.internal.dom.AttrImpl.getValue()Ljava/lang/String; @ 19
Event: 472.389 Thread 0x0000000018fc8000 Uncommon trap: reason=predicate action=maybe_recompile pc=0x0000000004e9a2a4 method=java.util.TimSort.reverseRange([Ljava/lang/Object;II)V @ 8

Classes redefined (0 events):
No events

Internal exceptions (10 events):
Event: 440.410 Thread 0x0000000018fd5000 Exception <a 'java/lang/NoSuchMethodError': <clinit>> (0x00000000e1df8658) thrown at [D:\src\AOSP-openjdk-cygwin\jdk8u\hotspot\src\share\vm\prims\jni.cpp, line 1613]
Event: 440.411 Thread 0x0000000018fd5000 Exception <a 'java/lang/NoSuchMethodError': <clinit>> (0x00000000e1e03da8) thrown at [D:\src\AOSP-openjdk-cygwin\jdk8u\hotspot\src\share\vm\prims\jni.cpp, line 1613]
Event: 440.420 Thread 0x0000000018fd5000 Exception <a 'java/lang/NoSuchMethodError': <clinit>> (0x00000000e1e66620) thrown at [D:\src\AOSP-openjdk-cygwin\jdk8u\hotspot\src\share\vm\prims\jni.cpp, line 1613]
Event: 440.689 Thread 0x000000001d5d3000 Exception <a 'java/lang/NoSuchMethodError': <clinit>> (0x00000000e22f72c8) thrown at [D:\src\AOSP-openjdk-cygwin\jdk8u\hotspot\src\share\vm\prims\jni.cpp, line 1613]
Event: 440.691 Thread 0x000000001d5d3000 Exception <a 'java/lang/NoSuchMethodError': <clinit>> (0x00000000e2313ef0) thrown at [D:\src\AOSP-openjdk-cygwin\jdk8u\hotspot\src\share\vm\prims\jni.cpp, line 1613]
Event: 440.705 Thread 0x000000001d5d3000 Exception <a 'java/lang/NoSuchMethodError': <clinit>> (0x00000000e2334d20) thrown at [D:\src\AOSP-openjdk-cygwin\jdk8u\hotspot\src\share\vm\prims\jni.cpp, line 1613]
Event: 440.706 Thread 0x000000001d5d3000 Exception <a 'java/lang/NoSuchMethodError': <clinit>> (0x00000000e233a888) thrown at [D:\src\AOSP-openjdk-cygwin\jdk8u\hotspot\src\share\vm\prims\jni.cpp, line 1613]
Event: 440.707 Thread 0x000000001d5d3000 Exception <a 'java/lang/NoSuchMethodError': <clinit>> (0x00000000e234db40) thrown at [D:\src\AOSP-openjdk-cygwin\jdk8u\hotspot\src\share\vm\prims\jni.cpp, line 1613]
Event: 440.718 Thread 0x000000001d5d3000 Exception <a 'java/lang/NoSuchMethodError': <clinit>> (0x00000000e23764f0) thrown at [D:\src\AOSP-openjdk-cygwin\jdk8u\hotspot\src\share\vm\prims\jni.cpp, line 1613]
Event: 471.720 Thread 0x0000000018fc8000 Exception <a 'sun/nio/fs/WindowsException'> (0x00000000e2db8198) thrown at [D:\src\AOSP-openjdk-cygwin\jdk8u\hotspot\src\share\vm\prims\jni.cpp, line 709]

Events (10 events):
Event: 472.675 Thread 0x0000000015e28800 flushing nmethod 0x0000000004ee4b90
Event: 472.675 Thread 0x0000000015e28800 flushing nmethod 0x0000000004ee86d0
Event: 472.675 Thread 0x0000000015e28800 flushing nmethod 0x0000000004eec150
Event: 472.675 Thread 0x0000000015e28800 flushing nmethod 0x0000000004f00ed0
Event: 472.675 Thread 0x0000000015e28800 flushing nmethod 0x0000000004f0cdd0
Event: 472.675 Thread 0x0000000015e28800 flushing nmethod 0x0000000004f85250
Event: 472.675 Thread 0x0000000015e28800 flushing nmethod 0x0000000004f873d0
Event: 472.675 Thread 0x0000000015e28800 flushing nmethod 0x0000000005000290
Event: 472.675 Thread 0x0000000015e28800 flushing nmethod 0x0000000005004fd0
Event: 472.675 Thread 0x0000000015e28800 flushing nmethod 0x000000000500a0d0


Dynamic libraries:
0x00007ff6fcf80000 - 0x00007ff6fcfb1000 	C:\Program Files\Android\Android Studio1\jre\bin\java.exe
0x00007ff9d6010000 - 0x00007ff9d61f1000 	C:\WINDOWS\SYSTEM32\ntdll.dll
0x00007ff9c4740000 - 0x00007ff9c4752000 	C:\Program Files (x86)\AVG\Antivirus\aswhook.dll
0x00007ff9d3810000 - 0x00007ff9d38c2000 	C:\WINDOWS\System32\KERNEL32.DLL
0x00007ff9d2ba0000 - 0x00007ff9d2e13000 	C:\WINDOWS\System32\KERNELBASE.dll
0x00007ff9d5a80000 - 0x00007ff9d5b21000 	C:\WINDOWS\System32\ADVAPI32.dll
0x00007ff9d38d0000 - 0x00007ff9d396e000 	C:\WINDOWS\System32\msvcrt.dll
0x00007ff9d3670000 - 0x00007ff9d36cb000 	C:\WINDOWS\System32\sechost.dll
0x00007ff9d36d0000 - 0x00007ff9d37f4000 	C:\WINDOWS\System32\RPCRT4.dll
0x00007ff9d5720000 - 0x00007ff9d58b0000 	C:\WINDOWS\System32\USER32.dll
0x00007ff9d2ed0000 - 0x00007ff9d2ef0000 	C:\WINDOWS\System32\win32u.dll
0x00007ff9d5550000 - 0x00007ff9d5578000 	C:\WINDOWS\System32\GDI32.dll
0x00007ff9d3300000 - 0x00007ff9d3492000 	C:\WINDOWS\System32\gdi32full.dll
0x00007ff9d3260000 - 0x00007ff9d32ff000 	C:\WINDOWS\System32\msvcp_win.dll
0x00007ff9d2f70000 - 0x00007ff9d3068000 	C:\WINDOWS\System32\ucrtbase.dll
0x00007ff9c3090000 - 0x00007ff9c32f9000 	C:\WINDOWS\WinSxS\amd64_microsoft.windows.common-controls_6595b64144ccf1df_6.0.17134.648_none_fb45a0e93062a6d2\COMCTL32.dll
0x00007ff9d5cb0000 - 0x00007ff9d5fd2000 	C:\WINDOWS\System32\combase.dll
0x00007ff9d2ef0000 - 0x00007ff9d2f6a000 	C:\WINDOWS\System32\bcryptPrimitives.dll
0x00007ff9d3640000 - 0x00007ff9d366d000 	C:\WINDOWS\System32\IMM32.DLL
0x0000000052e90000 - 0x0000000052f62000 	C:\Program Files\Android\Android Studio1\jre\jre\bin\msvcr100.dll
0x0000000051e60000 - 0x000000005269f000 	C:\Program Files\Android\Android Studio1\jre\jre\bin\server\jvm.dll
0x00007ff9d4e10000 - 0x00007ff9d4e18000 	C:\WINDOWS\System32\PSAPI.DLL
0x00007ff9c37b0000 - 0x00007ff9c37b9000 	C:\WINDOWS\SYSTEM32\WSOCK32.dll
0x00007ff9d5030000 - 0x00007ff9d509c000 	C:\WINDOWS\System32\WS2_32.dll
0x00007ff9cfe90000 - 0x00007ff9cfeb3000 	C:\WINDOWS\SYSTEM32\WINMM.dll
0x00007ff9c2f10000 - 0x00007ff9c2f1a000 	C:\WINDOWS\SYSTEM32\VERSION.dll
0x00007ff9cfd40000 - 0x00007ff9cfd6a000 	C:\WINDOWS\SYSTEM32\WINMMBASE.dll
0x00007ff9d2e20000 - 0x00007ff9d2e69000 	C:\WINDOWS\System32\cfgmgr32.dll
0x00007ff9c6d40000 - 0x00007ff9c6d4f000 	C:\Program Files\Android\Android Studio1\jre\jre\bin\verify.dll
0x00007ff9a9e50000 - 0x00007ff9a9e79000 	C:\Program Files\Android\Android Studio1\jre\jre\bin\java.dll
0x00007ff9c1390000 - 0x00007ff9c13a6000 	C:\Program Files\Android\Android Studio1\jre\jre\bin\zip.dll
0x00007ff9d3970000 - 0x00007ff9d4db0000 	C:\WINDOWS\System32\SHELL32.dll
0x00007ff9d5b30000 - 0x00007ff9d5bd9000 	C:\WINDOWS\System32\shcore.dll
0x00007ff9d2490000 - 0x00007ff9d2b9d000 	C:\WINDOWS\System32\windows.storage.dll
0x00007ff9d54f0000 - 0x00007ff9d5541000 	C:\WINDOWS\System32\shlwapi.dll
0x00007ff9d23c0000 - 0x00007ff9d23d1000 	C:\WINDOWS\System32\kernel.appcore.dll
0x00007ff9d23a0000 - 0x00007ff9d23bf000 	C:\WINDOWS\System32\profapi.dll
0x00007ff9d2350000 - 0x00007ff9d239c000 	C:\WINDOWS\System32\powrprof.dll
0x00007ff9d2320000 - 0x00007ff9d232a000 	C:\WINDOWS\System32\FLTLIB.DLL
0x00007ff9b7e80000 - 0x00007ff9b7e9a000 	C:\Program Files\Android\Android Studio1\jre\jre\bin\net.dll
0x00007ff9d1b40000 - 0x00007ff9d1ba6000 	C:\WINDOWS\system32\mswsock.dll
0x00007ff9b5550000 - 0x00007ff9b5561000 	C:\Program Files\Android\Android Studio1\jre\jre\bin\nio.dll
0x00007ff9b72c0000 - 0x00007ff9b72de000 	C:\Users\Jonnathan\.gradle\native\25\windows-amd64\native-platform.dll
0x00007ff9c6a00000 - 0x00007ff9c6a0d000 	C:\Program Files\Android\Android Studio1\jre\jre\bin\management.dll
0x00007ff9d1cf0000 - 0x00007ff9d1d07000 	C:\WINDOWS\SYSTEM32\CRYPTSP.dll
0x00007ff9d1720000 - 0x00007ff9d1753000 	C:\WINDOWS\system32\rsaenh.dll
0x00007ff9d1e20000 - 0x00007ff9d1e45000 	C:\WINDOWS\SYSTEM32\bcrypt.dll
0x00007ff9d2250000 - 0x00007ff9d2278000 	C:\WINDOWS\SYSTEM32\USERENV.dll
0x00007ff9d1d10000 - 0x00007ff9d1d1b000 	C:\WINDOWS\SYSTEM32\CRYPTBASE.dll
0x00007ff9d18c0000 - 0x00007ff9d18f8000 	C:\WINDOWS\SYSTEM32\IPHLPAPI.DLL
0x00007ff9d4e20000 - 0x00007ff9d4e28000 	C:\WINDOWS\System32\NSI.dll
0x00007ff9ca040000 - 0x00007ff9ca056000 	C:\WINDOWS\SYSTEM32\dhcpcsvc6.DLL
0x00007ff9ca020000 - 0x00007ff9ca03a000 	C:\WINDOWS\SYSTEM32\dhcpcsvc.DLL
0x00007ff9a9bb0000 - 0x00007ff9a9bd4000 	C:\Program Files\Android\Android Studio1\jre\jre\bin\sunec.dll
0x00007ff9d1900000 - 0x00007ff9d19be000 	C:\WINDOWS\SYSTEM32\DNSAPI.dll
0x00007ff9ca640000 - 0x00007ff9ca64a000 	C:\Windows\System32\rasadhlp.dll
0x00007ff9ca390000 - 0x00007ff9ca402000 	C:\WINDOWS\System32\fwpuclnt.dll
0x00007ff9b7020000 - 0x00007ff9b702b000 	C:\Program Files\Android\Android Studio1\jre\jre\bin\sunmscapi.dll
0x00007ff9d3070000 - 0x00007ff9d3252000 	C:\WINDOWS\System32\CRYPT32.dll
0x00007ff9d2330000 - 0x00007ff9d2342000 	C:\WINDOWS\System32\MSASN1.dll

VM Arguments:
jvm_args: -Xmx1536m -Dfile.encoding=windows-1252 -Duser.country=CO -Duser.language=es -Duser.variant 
java_command: org.gradle.launcher.daemon.bootstrap.GradleDaemon 4.4
java_class_path (initial): C:\Users\Jonnathan\.gradle\wrapper\dists\gradle-4.4-all\9br9xq1tocpiv8o6njlyu5op1\gradle-4.4\lib\gradle-launcher-4.4.jar
Launcher Type: SUN_STANDARD

Environment Variables:
CLASSPATH=.;C:\Program Files\swipl\lib\jpl.jar;C:\Program Files\swipl\lib;
PATH=C:\app\Jonnathan\virtual\product\12.2.0\dbhome_1\bin;C:\ProgramData\Oracle\Java\javapath;C:\WINDOWS\system32;C:\WINDOWS;C:\WINDOWS\System32\Wbem;C:\WINDOWS\System32\WindowsPowerShell\v1.0\;C:\Program Files (x86)\Common Files\lenovo\easyplussdk\bin;C:\xampp\php;C:\ProgramData\ComposerSetup\bin;C:\Program Files\Intel\WiFi\bin\;C:\Program Files\Common Files\Intel\WirelessCommon\;C:\Program Files\swipl\lib\jpl.jar;C:\Program Files\swipl\bin;C:\Program Files (x86)\Git\cmd;C:\Program Files (x86)\MySQL\MySQL Utilities\;C:\Windows\SysWOW64\instantclient_11_2;C:\xampp\php\ext;C:\Program Files\nodejs\;C:\WINDOWS\System32\OpenSSH\;C:\Program Files\dotnet\;C:\Program Files\Microsoft SQL Server\130\Tools\Binn\;C:\Users\Jonnathan\AppData\Local\Programs\Python\Python36-32\Scripts\;C:\Users\Jonnathan\AppData\Local\Programs\Python\Python36-32\;C:\Users\Jonnathan\AppData\Local\Microsoft\WindowsApps;C:\Users\Jonnathan\AppData\Roaming\Composer\vendor\bin;C:\Users\Jonnathan\AppData\Roaming\npm;;C:\Users\Jonnathan\AppData\Local\Programs\Microsoft VS Code\bin
USERNAME=Jonnathan
OS=Windows_NT
PROCESSOR_IDENTIFIER=Intel64 Family 6 Model 78 Stepping 3, GenuineIntel



---------------  S Y S T E M  ---------------

OS: Windows 10.0 , 64 bit Build 17134 (10.0.17134.648)

CPU:total 4 (initial active 4) (2 cores per cpu, 2 threads per core) family 6 model 78 stepping 3, cmov, cx8, fxsr, mmx, sse, sse2, sse3, ssse3, sse4.1, sse4.2, popcnt, avx, avx2, aes, clmul, erms, 3dnowpref, lzcnt, ht, tsc, tscinvbit, bmi1, bmi2, adx

Memory: 4k page, physical 8265128k(429240k free), swap 8265128k(4776k free)

vm_info: OpenJDK 64-Bit Server VM (25.152-b02) for windows-amd64 JRE (1.8.0_152-release-1024-b02), built by "builder" with MS VC++ 10.0 (VS2010)

time: Sun May 05 23:50:51 2019
elapsed time: 472 seconds (0d 0h 7m 52s)

