#
# There is insufficient memory for the Java Runtime Environment to continue.
# Native memory allocation (malloc) failed to allocate 804176 bytes for Chunk::new
# Possible reasons:
#   The system is out of physical RAM or swap space
#   In 32 bit mode, the process size limit was hit
# Possible solutions:
#   Reduce memory load on the system
#   Increase physical memory or swap space
#   Check if swap backing store is full
#   Use 64 bit Java on a 64 bit OS
#   Decrease Java heap size (-Xmx/-Xms)
#   Decrease number of Java threads
#   Decrease Java thread stack sizes (-Xss)
#   Set larger code cache with -XX:ReservedCodeCacheSize=
# This output file may be truncated or incomplete.
#
#  Out of Memory Error (allocation.cpp:390), pid=25900, tid=0x0000000000002a30
#
# JRE version: OpenJDK Runtime Environment (8.0_152-b02) (build 1.8.0_152-release-1024-b02)
# Java VM: OpenJDK 64-Bit Server VM (25.152-b02 mixed mode windows-amd64 compressed oops)
# Failed to write core dump. Minidumps are not enabled by default on client versions of Windows
#

---------------  T H R E A D  ---------------

Current thread (0x00000000163fc000):  JavaThread "C2 CompilerThread1" daemon [_thread_in_native, id=10800, stack(0x0000000017b90000,0x0000000017c90000)]

Stack: [0x0000000017b90000,0x0000000017c90000]
[error occurred during error reporting (printing stack bounds), id 0xc0000005]

Native frames: (J=compiled Java code, j=interpreted, Vv=VM code, C=native code)


Current CompileTask:
C2:1405437 14925       4       com.android.tools.r8.ir.conversion.IRBuilder::addInstruction (358 bytes)


---------------  P R O C E S S  ---------------

Java Threads: ( => current thread )
  0x000000001f3d1800 JavaThread "pool-19-thread-2" [_thread_in_Java, id=14260, stack(0x0000000029cc0000,0x0000000029dc0000)]
  0x000000001f3d4800 JavaThread "pool-19-thread-1" [_thread_blocked, id=6768, stack(0x0000000029bc0000,0x0000000029cc0000)]
  0x000000001f3d3800 JavaThread "pool-17-thread-2" [_thread_blocked, id=17180, stack(0x00000000298c0000,0x00000000299c0000)]
  0x000000001f3d2000 JavaThread "pool-17-thread-1" [_thread_blocked, id=16872, stack(0x00000000297c0000,0x00000000298c0000)]
  0x000000001cb0e000 JavaThread "ForkJoinPool.commonPool-worker-1" daemon [_thread_in_native, id=11896, stack(0x0000000027cc0000,0x0000000027dc0000)]
  0x000000001cb09000 JavaThread "ForkJoinPool.commonPool-worker-0" daemon [_thread_blocked, id=10608, stack(0x0000000027bc0000,0x0000000027cc0000)]
  0x000000001cb06800 JavaThread "ForkJoinPool.commonPool-worker-3" daemon [_thread_blocked, id=12852, stack(0x0000000027ac0000,0x0000000027bc0000)]
  0x000000001cb0c800 JavaThread "Cache worker for Java compile cache (C:\Users\Jonnathan\Desktop\ionic\impecappble-provider\platforms\Multas\.gradle\4.4\javaCompile)" [_thread_blocked, id=11760, stack(0x00000000279c0000,0x0000000027ac0000)]
  0x000000001cb0c000 JavaThread "Task worker for ':' Thread 3" [_thread_blocked, id=16420, stack(0x00000000278c0000,0x00000000279c0000)]
  0x000000001cb0d800 JavaThread "Task worker for ':' Thread 2" [_thread_blocked, id=13212, stack(0x00000000277c0000,0x00000000278c0000)]
  0x000000001cb0b000 JavaThread "Task worker for ':'" [_thread_blocked, id=13028, stack(0x00000000276c0000,0x00000000277c0000)]
  0x000000001cb04800 JavaThread "Cache worker for Build Output Cleanup Cache (C:\Users\Jonnathan\Desktop\ionic\impecappble-provider\platforms\Multas\.gradle\buildOutputCleanup)" [_thread_blocked, id=15660, stack(0x00000000275c0000,0x00000000276c0000)]
  0x000000001cb0a800 JavaThread "Cache worker for task history cache (C:\Users\Jonnathan\Desktop\ionic\impecappble-provider\platforms\Multas\.gradle\4.4\taskHistory)" [_thread_blocked, id=12060, stack(0x00000000274c0000,0x00000000275c0000)]
  0x000000001cb08000 JavaThread "Cache worker for file content cache (C:\Users\Jonnathan\Desktop\ionic\impecappble-provider\platforms\Multas\.gradle\4.4\fileContent)" [_thread_blocked, id=12328, stack(0x00000000273c0000,0x00000000274c0000)]
  0x000000001cb00800 JavaThread "build operations Thread 4" [_thread_blocked, id=3604, stack(0x00000000272c0000,0x00000000273c0000)]
  0x000000001cb03800 JavaThread "build operations Thread 3" [_thread_blocked, id=11152, stack(0x00000000271c0000,0x00000000272c0000)]
  0x000000001cb05000 JavaThread "build operations Thread 2" [_thread_blocked, id=12120, stack(0x00000000270c0000,0x00000000271c0000)]
  0x000000001cb03000 JavaThread "build operations" [_thread_blocked, id=11332, stack(0x0000000026fc0000,0x00000000270c0000)]
  0x000000001cb07800 JavaThread "Cache worker for Artifact transforms cache (C:\Users\Jonnathan\.gradle\caches\transforms-1)" [_thread_blocked, id=31276, stack(0x0000000026ec0000,0x0000000026fc0000)]
  0x000000001cb06000 JavaThread "Cache worker for file hash cache (C:\Users\Jonnathan\Desktop\ionic\impecappble-provider\platforms\Multas\.gradle\4.4\fileHashes)" [_thread_blocked, id=10816, stack(0x0000000026dc0000,0x0000000026ec0000)]
  0x000000001cb02000 JavaThread "Stdin handler" [_thread_blocked, id=31540, stack(0x0000000026cc0000,0x0000000026dc0000)]
  0x000000001cb01800 JavaThread "Asynchronous log dispatcher for DefaultDaemonConnection: socket connection from /127.0.0.1:64555 to /127.0.0.1:49924" [_thread_blocked, id=25948, stack(0x0000000026bc0000,0x0000000026cc0000)]
  0x000000001d89b800 JavaThread "Daemon worker Thread 3" [_thread_blocked, id=27984, stack(0x0000000026ac0000,0x0000000026bc0000)]
  0x000000001d89b000 JavaThread "Cancel handler" [_thread_blocked, id=29368, stack(0x00000000269c0000,0x0000000026ac0000)]
  0x000000001d8a1800 JavaThread "Handler for socket connection from /127.0.0.1:64555 to /127.0.0.1:49924" [_thread_in_native, id=2976, stack(0x00000000268c0000,0x00000000269c0000)]
  0x000000001d89c800 JavaThread "Daemon Thread 3" [_thread_blocked, id=2740, stack(0x00000000267c0000,0x00000000268c0000)]
  0x000000001d89e000 JavaThread "Memory manager" [_thread_blocked, id=30096, stack(0x0000000020a00000,0x0000000020b00000)]
  0x0000000017ea4000 JavaThread "File lock request listener" [_thread_in_native, id=9868, stack(0x000000001bed0000,0x000000001bfd0000)]
  0x000000001937f800 JavaThread "Cache worker for file hash cache (C:\Users\Jonnathan\.gradle\caches\4.4\fileHashes)" [_thread_blocked, id=30640, stack(0x000000001bdd0000,0x000000001bed0000)]
  0x00000000191fc000 JavaThread "Daemon periodic checks" [_thread_blocked, id=31468, stack(0x000000001a300000,0x000000001a400000)]
  0x00000000191b8000 JavaThread "Incoming local TCP Connector on port 64555" [_thread_in_native, id=31856, stack(0x000000001a0a0000,0x000000001a1a0000)]
  0x0000000017db2800 JavaThread "Service Thread" daemon [_thread_blocked, id=20588, stack(0x0000000018190000,0x0000000018290000)]
  0x000000001644d000 JavaThread "C1 CompilerThread2" daemon [_thread_blocked, id=15816, stack(0x0000000017c90000,0x0000000017d90000)]
=>0x00000000163fc000 JavaThread "C2 CompilerThread1" daemon [_thread_in_native, id=10800, stack(0x0000000017b90000,0x0000000017c90000)]
  0x00000000163f8800 JavaThread "C2 CompilerThread0" daemon [_thread_in_native, id=3936, stack(0x0000000017a90000,0x0000000017b90000)]
  0x0000000016406000 JavaThread "Attach Listener" daemon [_thread_blocked, id=6408, stack(0x0000000017990000,0x0000000017a90000)]
  0x0000000016405000 JavaThread "Signal Dispatcher" daemon [_thread_blocked, id=30972, stack(0x0000000017890000,0x0000000017990000)]
  0x0000000002a0c800 JavaThread "Finalizer" daemon [_thread_blocked, id=28232, stack(0x0000000017670000,0x0000000017770000)]
  0x0000000002a01800 JavaThread "Reference Handler" daemon [_thread_blocked, id=27104, stack(0x0000000017570000,0x0000000017670000)]
  0x0000000002912800 JavaThread "main" [_thread_blocked, id=2236, stack(0x00000000027d0000,0x00000000028d0000)]

Other Threads:
  0x00000000163c6000 VMThread [stack: 0x0000000017470000,0x0000000017570000] [id=30284]
  0x0000000017db3000 WatcherThread [stack: 0x0000000018290000,0x0000000018390000] [id=12316]

VM state:not at safepoint (normal execution)

VM Mutex/Monitor currently owned by a thread: None

Heap:
 PSYoungGen      total 156160K, used 66162K [0x00000000e0000000, 0x00000000eb180000, 0x0000000100000000)
  eden space 134656K, 48% used [0x00000000e0000000,0x00000000e3fd4b18,0x00000000e8380000)
  from space 21504K, 3% used [0x00000000e9880000,0x00000000e9948000,0x00000000ead80000)
  to   space 21504K, 0% used [0x00000000e8380000,0x00000000e8380000,0x00000000e9880000)
 ParOldGen       total 146432K, used 84507K [0x00000000a0000000, 0x00000000a8f00000, 0x00000000e0000000)
  object space 146432K, 57% used [0x00000000a0000000,0x00000000a5286f90,0x00000000a8f00000)
 Metaspace       used 76290K, capacity 79364K, committed 79576K, reserved 1118208K
  class space    used 9750K, capacity 10397K, committed 10496K, reserved 1048576K

Card table byte_map: [0x0000000011e50000,0x0000000012160000] byte_map_base: 0x0000000011950000

Marking Bits: (ParMarkBitMap*) 0x0000000052624970
 Begin Bits: [0x0000000012760000, 0x0000000013f60000)
 End Bits:   [0x0000000013f60000, 0x0000000015760000)

Polling page: 0x00000000009f0000

CodeCache: size=245760Kb used=41326Kb max_used=42127Kb free=204433Kb
 bounds [0x0000000002a90000, 0x0000000005440000, 0x0000000011a90000]
 total_blobs=13640 nmethods=12822 adapters=729
 compilation: enabled

Compilation events (10 events):
Event: 1405.117 Thread 0x000000001644d000 15617       2       com.android.tools.r8.ir.code.BasicBlockIterator::add (9 bytes)
Event: 1405.117 Thread 0x000000001644d000 nmethod 15617 0x00000000050567d0 code [0x0000000005056940, 0x0000000005056ae8]
Event: 1405.138 Thread 0x000000001644d000 15618       2       com.android.tools.r8.graph.ObjectToOffsetMapping::createMap (136 bytes)
Event: 1405.139 Thread 0x000000001644d000 nmethod 15618 0x0000000003c1c210 code [0x0000000003c1c460, 0x0000000003c1cb38]
Event: 1405.140 Thread 0x000000001644d000 15619       1       com.android.tools.r8.graph.ObjectToOffsetMapping::getClasses (5 bytes)
Event: 1405.140 Thread 0x000000001644d000 nmethod 15619 0x000000000510a150 code [0x000000000510a2a0, 0x000000000510a3b0]
Event: 1405.142 Thread 0x000000001644d000 15620       1       com.android.tools.r8.code.Aget::getOpcode (3 bytes)
Event: 1405.142 Thread 0x000000001644d000 nmethod 15620 0x0000000004fb5ed0 code [0x0000000004fb6020, 0x0000000004fb6130]
Event: 1405.145 Thread 0x000000001644d000 15621       2       java.util.zip.ZipOutputStream::writeShort (41 bytes)
Event: 1405.145 Thread 0x000000001644d000 nmethod 15621 0x000000000512b750 code [0x000000000512b8c0, 0x000000000512bab8]

GC Heap History (10 events):
Event: 1402.108 GC heap before
{Heap before GC invocations=27 (full 3):
 PSYoungGen      total 133120K, used 127205K [0x00000000e0000000, 0x00000000ead80000, 0x0000000100000000)
  eden space 112128K, 100% used [0x00000000e0000000,0x00000000e6d80000,0x00000000e6d80000)
  from space 20992K, 71% used [0x00000000e6d80000,0x00000000e7c39780,0x00000000e8200000)
  to   space 21504K, 0% used [0x00000000e9880000,0x00000000e9880000,0x00000000ead80000)
 ParOldGen       total 146432K, used 70056K [0x00000000a0000000, 0x00000000a8f00000, 0x00000000e0000000)
  object space 146432K, 47% used [0x00000000a0000000,0x00000000a446a3c8,0x00000000a8f00000)
 Metaspace       used 76066K, capacity 79144K, committed 79320K, reserved 1118208K
  class space    used 9745K, capacity 10397K, committed 10496K, reserved 1048576K
Event: 1402.144 GC heap after
Heap after GC invocations=27 (full 3):
 PSYoungGen      total 156160K, used 12658K [0x00000000e0000000, 0x00000000eb180000, 0x0000000100000000)
  eden space 134656K, 0% used [0x00000000e0000000,0x00000000e0000000,0x00000000e8380000)
  from space 21504K, 58% used [0x00000000e9880000,0x00000000ea4dc878,0x00000000ead80000)
  to   space 21504K, 0% used [0x00000000e8380000,0x00000000e8380000,0x00000000e9880000)
 ParOldGen       total 146432K, used 72249K [0x00000000a0000000, 0x00000000a8f00000, 0x00000000e0000000)
  object space 146432K, 49% used [0x00000000a0000000,0x00000000a468e4a8,0x00000000a8f00000)
 Metaspace       used 76066K, capacity 79144K, committed 79320K, reserved 1118208K
  class space    used 9745K, capacity 10397K, committed 10496K, reserved 1048576K
}
Event: 1402.667 GC heap before
{Heap before GC invocations=28 (full 3):
 PSYoungGen      total 156160K, used 147314K [0x00000000e0000000, 0x00000000eb180000, 0x0000000100000000)
  eden space 134656K, 100% used [0x00000000e0000000,0x00000000e8380000,0x00000000e8380000)
  from space 21504K, 58% used [0x00000000e9880000,0x00000000ea4dc878,0x00000000ead80000)
  to   space 21504K, 0% used [0x00000000e8380000,0x00000000e8380000,0x00000000e9880000)
 ParOldGen       total 146432K, used 72249K [0x00000000a0000000, 0x00000000a8f00000, 0x00000000e0000000)
  object space 146432K, 49% used [0x00000000a0000000,0x00000000a468e4a8,0x00000000a8f00000)
 Metaspace       used 76092K, capacity 79208K, committed 79320K, reserved 1118208K
  class space    used 9746K, capacity 10397K, committed 10496K, reserved 1048576K
Event: 1402.687 GC heap after
Heap after GC invocations=28 (full 3):
 PSYoungGen      total 156160K, used 6165K [0x00000000e0000000, 0x00000000eb180000, 0x0000000100000000)
  eden space 134656K, 0% used [0x00000000e0000000,0x00000000e0000000,0x00000000e8380000)
  from space 21504K, 28% used [0x00000000e8380000,0x00000000e8985490,0x00000000e9880000)
  to   space 21504K, 0% used [0x00000000e9880000,0x00000000e9880000,0x00000000ead80000)
 ParOldGen       total 146432K, used 79907K [0x00000000a0000000, 0x00000000a8f00000, 0x00000000e0000000)
  object space 146432K, 54% used [0x00000000a0000000,0x00000000a4e08ed0,0x00000000a8f00000)
 Metaspace       used 76092K, capacity 79208K, committed 79320K, reserved 1118208K
  class space    used 9746K, capacity 10397K, committed 10496K, reserved 1048576K
}
Event: 1403.261 GC heap before
{Heap before GC invocations=29 (full 3):
 PSYoungGen      total 156160K, used 140821K [0x00000000e0000000, 0x00000000eb180000, 0x0000000100000000)
  eden space 134656K, 100% used [0x00000000e0000000,0x00000000e8380000,0x00000000e8380000)
  from space 21504K, 28% used [0x00000000e8380000,0x00000000e8985490,0x00000000e9880000)
  to   space 21504K, 0% used [0x00000000e9880000,0x00000000e9880000,0x00000000ead80000)
 ParOldGen       total 146432K, used 79907K [0x00000000a0000000, 0x00000000a8f00000, 0x00000000e0000000)
  object space 146432K, 54% used [0x00000000a0000000,0x00000000a4e08ed0,0x00000000a8f00000)
 Metaspace       used 76219K, capacity 79284K, committed 79576K, reserved 1118208K
  class space    used 9750K, capacity 10397K, committed 10496K, reserved 1048576K
Event: 1403.276 GC heap after
Heap after GC invocations=29 (full 3):
 PSYoungGen      total 156160K, used 2976K [0x00000000e0000000, 0x00000000eb180000, 0x0000000100000000)
  eden space 134656K, 0% used [0x00000000e0000000,0x00000000e0000000,0x00000000e8380000)
  from space 21504K, 13% used [0x00000000e9880000,0x00000000e9b68080,0x00000000ead80000)
  to   space 21504K, 0% used [0x00000000e8380000,0x00000000e8380000,0x00000000e9880000)
 ParOldGen       total 146432K, used 82587K [0x00000000a0000000, 0x00000000a8f00000, 0x00000000e0000000)
  object space 146432K, 56% used [0x00000000a0000000,0x00000000a50a6f10,0x00000000a8f00000)
 Metaspace       used 76219K, capacity 79284K, committed 79576K, reserved 1118208K
  class space    used 9750K, capacity 10397K, committed 10496K, reserved 1048576K
}
Event: 1404.464 GC heap before
{Heap before GC invocations=30 (full 3):
 PSYoungGen      total 156160K, used 137632K [0x00000000e0000000, 0x00000000eb180000, 0x0000000100000000)
  eden space 134656K, 100% used [0x00000000e0000000,0x00000000e8380000,0x00000000e8380000)
  from space 21504K, 13% used [0x00000000e9880000,0x00000000e9b68080,0x00000000ead80000)
  to   space 21504K, 0% used [0x00000000e8380000,0x00000000e8380000,0x00000000e9880000)
 ParOldGen       total 146432K, used 82587K [0x00000000a0000000, 0x00000000a8f00000, 0x00000000e0000000)
  object space 146432K, 56% used [0x00000000a0000000,0x00000000a50a6f10,0x00000000a8f00000)
 Metaspace       used 76248K, capacity 79356K, committed 79576K, reserved 1118208K
  class space    used 9750K, capacity 10397K, committed 10496K, reserved 1048576K
Event: 1404.486 GC heap after
Heap after GC invocations=30 (full 3):
 PSYoungGen      total 156160K, used 4033K [0x00000000e0000000, 0x00000000eb180000, 0x0000000100000000)
  eden space 134656K, 0% used [0x00000000e0000000,0x00000000e0000000,0x00000000e8380000)
  from space 21504K, 18% used [0x00000000e8380000,0x00000000e8770610,0x00000000e9880000)
  to   space 21504K, 0% used [0x00000000e9880000,0x00000000e9880000,0x00000000ead80000)
 ParOldGen       total 146432K, used 84459K [0x00000000a0000000, 0x00000000a8f00000, 0x00000000e0000000)
  object space 146432K, 57% used [0x00000000a0000000,0x00000000a527af90,0x00000000a8f00000)
 Metaspace       used 76248K, capacity 79356K, committed 79576K, reserved 1118208K
  class space    used 9750K, capacity 10397K, committed 10496K, reserved 1048576K
}
Event: 1404.990 GC heap before
{Heap before GC invocations=31 (full 3):
 PSYoungGen      total 156160K, used 138689K [0x00000000e0000000, 0x00000000eb180000, 0x0000000100000000)
  eden space 134656K, 100% used [0x00000000e0000000,0x00000000e8380000,0x00000000e8380000)
  from space 21504K, 18% used [0x00000000e8380000,0x00000000e8770610,0x00000000e9880000)
  to   space 21504K, 0% used [0x00000000e9880000,0x00000000e9880000,0x00000000ead80000)
 ParOldGen       total 146432K, used 84459K [0x00000000a0000000, 0x00000000a8f00000, 0x00000000e0000000)
  object space 146432K, 57% used [0x00000000a0000000,0x00000000a527af90,0x00000000a8f00000)
 Metaspace       used 76271K, capacity 79360K, committed 79576K, reserved 1118208K
  class space    used 9750K, capacity 10397K, committed 10496K, reserved 1048576K
Event: 1404.994 GC heap after
Heap after GC invocations=31 (full 3):
 PSYoungGen      total 156160K, used 800K [0x00000000e0000000, 0x00000000eb180000, 0x0000000100000000)
  eden space 134656K, 0% used [0x00000000e0000000,0x00000000e0000000,0x00000000e8380000)
  from space 21504K, 3% used [0x00000000e9880000,0x00000000e9948000,0x00000000ead80000)
  to   space 21504K, 0% used [0x00000000e8380000,0x00000000e8380000,0x00000000e9880000)
 ParOldGen       total 146432K, used 84507K [0x00000000a0000000, 0x00000000a8f00000, 0x00000000e0000000)
  object space 146432K, 57% used [0x00000000a0000000,0x00000000a5286f90,0x00000000a8f00000)
 Metaspace       used 76271K, capacity 79360K, committed 79576K, reserved 1118208K
  class space    used 9750K, capacity 10397K, committed 10496K, reserved 1048576K
}

Deoptimization events (10 events):
Event: 1403.057 Thread 0x000000001cb09000 Uncommon trap: reason=array_check action=maybe_recompile pc=0x00000000050f4bb8 method=java.util.TimSort.binarySort([Ljava/lang/Object;IIILjava/util/Comparator;)V @ 193
Event: 1403.057 Thread 0x000000001cb09000 Uncommon trap: reason=array_check action=maybe_recompile pc=0x00000000050f4bb8 method=java.util.TimSort.binarySort([Ljava/lang/Object;IIILjava/util/Comparator;)V @ 193
Event: 1403.172 Thread 0x000000001f3cd800 Uncommon trap: reason=unstable_if action=reinterpret pc=0x0000000004923d60 method=com.android.tools.r8.dex.DexOutputBuffer.ensureSpaceFor(I)V @ 8
Event: 1403.236 Thread 0x000000001cb09000 Uncommon trap: reason=class_check action=maybe_recompile pc=0x00000000046d2400 method=com.android.apkzlib.zip.ZipField.checkVerifiesInvariants(J)V @ 25
Event: 1403.236 Thread 0x000000001f3d0000 Uncommon trap: reason=unstable_if action=reinterpret pc=0x0000000002e8a49c method=java.util.concurrent.locks.AbstractQueuedSynchronizer.acquireQueued(Ljava/util/concurrent/locks/AbstractQueuedSynchronizer$Node;I)Z @ 70
Event: 1403.237 Thread 0x000000001cb09000 Uncommon trap: reason=class_check action=maybe_recompile pc=0x000000000519bb9c method=com.google.common.collect.ImmutableMap.copyOf(Ljava/lang/Iterable;)Lcom/google/common/collect/ImmutableMap; @ 53
Event: 1403.238 Thread 0x000000001cb09000 Uncommon trap: reason=class_check action=maybe_recompile pc=0x0000000003b7763c method=com.android.apkzlib.zip.ZipField.checkVerifiesInvariants(J)V @ 25
Event: 1403.238 Thread 0x000000001cb09000 Uncommon trap: reason=class_check action=maybe_recompile pc=0x000000000519bb9c method=com.google.common.collect.ImmutableMap.copyOf(Ljava/lang/Iterable;)Lcom/google/common/collect/ImmutableMap; @ 53
Event: 1403.239 Thread 0x000000001cb09000 Uncommon trap: reason=class_check action=maybe_recompile pc=0x000000000519bb9c method=com.google.common.collect.ImmutableMap.copyOf(Ljava/lang/Iterable;)Lcom/google/common/collect/ImmutableMap; @ 53
Event: 1404.686 Thread 0x000000001f3cd800 Uncommon trap: reason=unstable_if action=reinterpret pc=0x00000000053f9d04 method=com.android.tools.r8.ir.regalloc.LinearScanRegisterAllocator.allocateSingleInterval(Lcom/android/tools/r8/ir/regalloc/LiveIntervals;Lcom/android/tools/r8/ir/regalloc/LinearS

Classes redefined (0 events):
No events

Internal exceptions (10 events):
Event: 1394.418 Thread 0x000000001cb0b000 Exception <a 'sun/nio/fs/WindowsException'> (0x00000000e2728278) thrown at [D:\src\AOSP-openjdk-cygwin\jdk8u\hotspot\src\share\vm\prims\jni.cpp, line 709]
Event: 1394.425 Thread 0x000000001cb0b000 Exception <a 'sun/nio/fs/WindowsException'> (0x00000000e2759718) thrown at [D:\src\AOSP-openjdk-cygwin\jdk8u\hotspot\src\share\vm\prims\jni.cpp, line 709]
Event: 1394.425 Thread 0x000000001cb0b000 Exception <a 'sun/nio/fs/WindowsException'> (0x00000000e275a290) thrown at [D:\src\AOSP-openjdk-cygwin\jdk8u\hotspot\src\share\vm\prims\jni.cpp, line 709]
Event: 1394.425 Thread 0x000000001cb0b000 Exception <a 'sun/nio/fs/WindowsException'> (0x00000000e275b810) thrown at [D:\src\AOSP-openjdk-cygwin\jdk8u\hotspot\src\share\vm\prims\jni.cpp, line 709]
Event: 1394.430 Thread 0x000000001cb0b000 Exception <a 'sun/nio/fs/WindowsException'> (0x00000000e2af1a38) thrown at [D:\src\AOSP-openjdk-cygwin\jdk8u\hotspot\src\share\vm\prims\jni.cpp, line 709]
Event: 1394.430 Thread 0x000000001cb0b000 Exception <a 'sun/nio/fs/WindowsException'> (0x00000000e2af25b0) thrown at [D:\src\AOSP-openjdk-cygwin\jdk8u\hotspot\src\share\vm\prims\jni.cpp, line 709]
Event: 1394.430 Thread 0x000000001cb0b000 Exception <a 'sun/nio/fs/WindowsException'> (0x00000000e2af3b30) thrown at [D:\src\AOSP-openjdk-cygwin\jdk8u\hotspot\src\share\vm\prims\jni.cpp, line 709]
Event: 1394.436 Thread 0x000000001cb0b000 Exception <a 'sun/nio/fs/WindowsException'> (0x00000000e2b22980) thrown at [D:\src\AOSP-openjdk-cygwin\jdk8u\hotspot\src\share\vm\prims\jni.cpp, line 709]
Event: 1394.436 Thread 0x000000001cb0b000 Exception <a 'sun/nio/fs/WindowsException'> (0x00000000e2b234f8) thrown at [D:\src\AOSP-openjdk-cygwin\jdk8u\hotspot\src\share\vm\prims\jni.cpp, line 709]
Event: 1394.436 Thread 0x000000001cb0b000 Exception <a 'sun/nio/fs/WindowsException'> (0x00000000e2b24a78) thrown at [D:\src\AOSP-openjdk-cygwin\jdk8u\hotspot\src\share\vm\prims\jni.cpp, line 709]

Events (10 events):
Event: 1405.099 Thread 0x000000001644d000 flushing nmethod 0x00000000051990d0
Event: 1405.099 Thread 0x000000001644d000 flushing nmethod 0x00000000051bea10
Event: 1405.099 Thread 0x000000001644d000 flushing nmethod 0x00000000051f87d0
Event: 1405.099 Thread 0x000000001644d000 flushing nmethod 0x00000000051fae90
Event: 1405.099 Thread 0x000000001644d000 flushing nmethod 0x000000000522bd50
Event: 1405.099 Thread 0x000000001644d000 flushing nmethod 0x0000000005256690
Event: 1405.100 Thread 0x000000001644d000 flushing nmethod 0x00000000052fc9d0
Event: 1405.100 Thread 0x000000001644d000 flushing nmethod 0x0000000005329510
Event: 1405.100 Thread 0x000000001644d000 flushing nmethod 0x00000000053904d0
Event: 1405.100 Thread 0x000000001644d000 flushing nmethod 0x000000000539a290


Dynamic libraries:
0x00007ff6fcf80000 - 0x00007ff6fcfb1000 	C:\Program Files\Android\Android Studio1\jre\bin\java.exe
0x00007ff9d6010000 - 0x00007ff9d61f1000 	C:\WINDOWS\SYSTEM32\ntdll.dll
0x00007ff9c4740000 - 0x00007ff9c4752000 	C:\Program Files (x86)\AVG\Antivirus\aswhook.dll
0x00007ff9d3810000 - 0x00007ff9d38c2000 	C:\WINDOWS\System32\KERNEL32.DLL
0x00007ff9d2ba0000 - 0x00007ff9d2e13000 	C:\WINDOWS\System32\KERNELBASE.dll
0x00007ff9d5a80000 - 0x00007ff9d5b21000 	C:\WINDOWS\System32\ADVAPI32.dll
0x00007ff9d38d0000 - 0x00007ff9d396e000 	C:\WINDOWS\System32\msvcrt.dll
0x00007ff9d3670000 - 0x00007ff9d36cb000 	C:\WINDOWS\System32\sechost.dll
0x00007ff9d36d0000 - 0x00007ff9d37f4000 	C:\WINDOWS\System32\RPCRT4.dll
0x00007ff9d5720000 - 0x00007ff9d58b0000 	C:\WINDOWS\System32\USER32.dll
0x00007ff9d2ed0000 - 0x00007ff9d2ef0000 	C:\WINDOWS\System32\win32u.dll
0x00007ff9d5550000 - 0x00007ff9d5578000 	C:\WINDOWS\System32\GDI32.dll
0x00007ff9d3300000 - 0x00007ff9d3492000 	C:\WINDOWS\System32\gdi32full.dll
0x00007ff9d3260000 - 0x00007ff9d32ff000 	C:\WINDOWS\System32\msvcp_win.dll
0x00007ff9d2f70000 - 0x00007ff9d3068000 	C:\WINDOWS\System32\ucrtbase.dll
0x00007ff9c3090000 - 0x00007ff9c32f9000 	C:\WINDOWS\WinSxS\amd64_microsoft.windows.common-controls_6595b64144ccf1df_6.0.17134.648_none_fb45a0e93062a6d2\COMCTL32.dll
0x00007ff9d5cb0000 - 0x00007ff9d5fd2000 	C:\WINDOWS\System32\combase.dll
0x00007ff9d2ef0000 - 0x00007ff9d2f6a000 	C:\WINDOWS\System32\bcryptPrimitives.dll
0x00007ff9d3640000 - 0x00007ff9d366d000 	C:\WINDOWS\System32\IMM32.DLL
0x0000000052e90000 - 0x0000000052f62000 	C:\Program Files\Android\Android Studio1\jre\jre\bin\msvcr100.dll
0x0000000051e60000 - 0x000000005269f000 	C:\Program Files\Android\Android Studio1\jre\jre\bin\server\jvm.dll
0x00007ff9d4e10000 - 0x00007ff9d4e18000 	C:\WINDOWS\System32\PSAPI.DLL
0x00007ff9c37b0000 - 0x00007ff9c37b9000 	C:\WINDOWS\SYSTEM32\WSOCK32.dll
0x00007ff9d5030000 - 0x00007ff9d509c000 	C:\WINDOWS\System32\WS2_32.dll
0x00007ff9cfe90000 - 0x00007ff9cfeb3000 	C:\WINDOWS\SYSTEM32\WINMM.dll
0x00007ff9c2f10000 - 0x00007ff9c2f1a000 	C:\WINDOWS\SYSTEM32\VERSION.dll
0x00007ff9cfd40000 - 0x00007ff9cfd6a000 	C:\WINDOWS\SYSTEM32\WINMMBASE.dll
0x00007ff9d2e20000 - 0x00007ff9d2e69000 	C:\WINDOWS\System32\cfgmgr32.dll
0x00007ff9c6d40000 - 0x00007ff9c6d4f000 	C:\Program Files\Android\Android Studio1\jre\jre\bin\verify.dll
0x00007ff9a9e50000 - 0x00007ff9a9e79000 	C:\Program Files\Android\Android Studio1\jre\jre\bin\java.dll
0x00007ff9c1390000 - 0x00007ff9c13a6000 	C:\Program Files\Android\Android Studio1\jre\jre\bin\zip.dll
0x00007ff9d3970000 - 0x00007ff9d4db0000 	C:\WINDOWS\System32\SHELL32.dll
0x00007ff9d5b30000 - 0x00007ff9d5bd9000 	C:\WINDOWS\System32\shcore.dll
0x00007ff9d2490000 - 0x00007ff9d2b9d000 	C:\WINDOWS\System32\windows.storage.dll
0x00007ff9d54f0000 - 0x00007ff9d5541000 	C:\WINDOWS\System32\shlwapi.dll
0x00007ff9d23c0000 - 0x00007ff9d23d1000 	C:\WINDOWS\System32\kernel.appcore.dll
0x00007ff9d23a0000 - 0x00007ff9d23bf000 	C:\WINDOWS\System32\profapi.dll
0x00007ff9d2350000 - 0x00007ff9d239c000 	C:\WINDOWS\System32\powrprof.dll
0x00007ff9d2320000 - 0x00007ff9d232a000 	C:\WINDOWS\System32\FLTLIB.DLL
0x00007ff9b7e80000 - 0x00007ff9b7e9a000 	C:\Program Files\Android\Android Studio1\jre\jre\bin\net.dll
0x00007ff9d1b40000 - 0x00007ff9d1ba6000 	C:\WINDOWS\system32\mswsock.dll
0x00007ff9b5550000 - 0x00007ff9b5561000 	C:\Program Files\Android\Android Studio1\jre\jre\bin\nio.dll
0x00007ff9b72c0000 - 0x00007ff9b72de000 	C:\Users\Jonnathan\.gradle\native\25\windows-amd64\native-platform.dll
0x00007ff9c6a00000 - 0x00007ff9c6a0d000 	C:\Program Files\Android\Android Studio1\jre\jre\bin\management.dll
0x00007ff9d1cf0000 - 0x00007ff9d1d07000 	C:\WINDOWS\SYSTEM32\CRYPTSP.dll
0x00007ff9d1720000 - 0x00007ff9d1753000 	C:\WINDOWS\system32\rsaenh.dll
0x00007ff9d1e20000 - 0x00007ff9d1e45000 	C:\WINDOWS\SYSTEM32\bcrypt.dll
0x00007ff9d2250000 - 0x00007ff9d2278000 	C:\WINDOWS\SYSTEM32\USERENV.dll
0x00007ff9d1d10000 - 0x00007ff9d1d1b000 	C:\WINDOWS\SYSTEM32\CRYPTBASE.dll
0x00007ff9d18c0000 - 0x00007ff9d18f8000 	C:\WINDOWS\SYSTEM32\IPHLPAPI.DLL
0x00007ff9d4e20000 - 0x00007ff9d4e28000 	C:\WINDOWS\System32\NSI.dll
0x00007ff9ca040000 - 0x00007ff9ca056000 	C:\WINDOWS\SYSTEM32\dhcpcsvc6.DLL
0x00007ff9ca020000 - 0x00007ff9ca03a000 	C:\WINDOWS\SYSTEM32\dhcpcsvc.DLL

VM Arguments:
jvm_args: -Xmx1536m -Dfile.encoding=windows-1252 -Duser.country=CO -Duser.language=es -Duser.variant 
java_command: org.gradle.launcher.daemon.bootstrap.GradleDaemon 4.4
java_class_path (initial): C:\Users\Jonnathan\.gradle\wrapper\dists\gradle-4.4-all\9br9xq1tocpiv8o6njlyu5op1\gradle-4.4\lib\gradle-launcher-4.4.jar
Launcher Type: SUN_STANDARD

Environment Variables:
CLASSPATH=.;C:\Program Files\swipl\lib\jpl.jar;C:\Program Files\swipl\lib;
PATH=C:\app\Jonnathan\virtual\product\12.2.0\dbhome_1\bin;C:\ProgramData\Oracle\Java\javapath;C:\WINDOWS\system32;C:\WINDOWS;C:\WINDOWS\System32\Wbem;C:\WINDOWS\System32\WindowsPowerShell\v1.0\;C:\Program Files (x86)\Common Files\lenovo\easyplussdk\bin;C:\xampp\php;C:\ProgramData\ComposerSetup\bin;C:\Program Files\Intel\WiFi\bin\;C:\Program Files\Common Files\Intel\WirelessCommon\;C:\Program Files\swipl\lib\jpl.jar;C:\Program Files\swipl\bin;C:\Program Files (x86)\Git\cmd;C:\Program Files (x86)\MySQL\MySQL Utilities\;C:\Windows\SysWOW64\instantclient_11_2;C:\xampp\php\ext;C:\Program Files\nodejs\;C:\WINDOWS\System32\OpenSSH\;C:\Program Files\dotnet\;C:\Program Files\Microsoft SQL Server\130\Tools\Binn\;C:\Users\Jonnathan\AppData\Local\Programs\Python\Python36-32\Scripts\;C:\Users\Jonnathan\AppData\Local\Programs\Python\Python36-32\;C:\Users\Jonnathan\AppData\Local\Microsoft\WindowsApps;C:\Users\Jonnathan\AppData\Roaming\Composer\vendor\bin;C:\Users\Jonnathan\AppData\Roaming\npm;;C:\Users\Jonnathan\AppData\Local\Programs\Microsoft VS Code\bin
USERNAME=Jonnathan
OS=Windows_NT
PROCESSOR_IDENTIFIER=Intel64 Family 6 Model 78 Stepping 3, GenuineIntel



---------------  S Y S T E M  ---------------

OS: Windows 10.0 , 64 bit Build 17134 (10.0.17134.648)

CPU:total 4 (initial active 4) (2 cores per cpu, 2 threads per core) family 6 model 78 stepping 3, cmov, cx8, fxsr, mmx, sse, sse2, sse3, ssse3, sse4.1, sse4.2, popcnt, avx, avx2, aes, clmul, erms, 3dnowpref, lzcnt, ht, tsc, tscinvbit, bmi1, bmi2, adx

Memory: 4k page, physical 8265128k(258840k free), swap 8265128k(1684k free)

vm_info: OpenJDK 64-Bit Server VM (25.152-b02) for windows-amd64 JRE (1.8.0_152-release-1024-b02), built by "builder" with MS VC++ 10.0 (VS2010)

time: Mon May 06 00:14:40 2019
elapsed time: 1405 seconds (0d 0h 23m 25s)

