#
# There is insufficient memory for the Java Runtime Environment to continue.
# Native memory allocation (malloc) failed to allocate 1588496 bytes for Chunk::new
# Possible reasons:
#   The system is out of physical RAM or swap space
#   In 32 bit mode, the process size limit was hit
# Possible solutions:
#   Reduce memory load on the system
#   Increase physical memory or swap space
#   Check if swap backing store is full
#   Use 64 bit Java on a 64 bit OS
#   Decrease Java heap size (-Xmx/-Xms)
#   Decrease number of Java threads
#   Decrease Java thread stack sizes (-Xss)
#   Set larger code cache with -XX:ReservedCodeCacheSize=
# This output file may be truncated or incomplete.
#
#  Out of Memory Error (allocation.cpp:390), pid=12480, tid=0x00000000000037f4
#
# JRE version: OpenJDK Runtime Environment (8.0_152-b02) (build 1.8.0_152-release-1024-b02)
# Java VM: OpenJDK 64-Bit Server VM (25.152-b02 mixed mode windows-amd64 compressed oops)
# Failed to write core dump. Minidumps are not enabled by default on client versions of Windows
#

---------------  T H R E A D  ---------------

Current thread (0x00000000161a1800):  JavaThread "C2 CompilerThread1" daemon [_thread_in_native, id=14324, stack(0x0000000017920000,0x0000000017a20000)]

Stack: [0x0000000017920000,0x0000000017a20000]
[error occurred during error reporting (printing stack bounds), id 0xc0000005]

Native frames: (J=compiled Java code, j=interpreted, Vv=VM code, C=native code)


Current CompileTask:
C2:  36717 10404       4       com.android.tools.r8.graph.DexDebugEventBuilder::add (313 bytes)


---------------  P R O C E S S  ---------------

Java Threads: ( => current thread )
  0x0000000023c15800 JavaThread "ForkJoinPool-1-worker-0" daemon [_thread_blocked, id=10732, stack(0x000000002c8d0000,0x000000002c9d0000)]
  0x0000000023c10000 JavaThread "ForkJoinPool-1-worker-1" daemon [_thread_blocked, id=12588, stack(0x000000002c7d0000,0x000000002c8d0000)]
  0x0000000019641800 JavaThread "ForkJoinPool.commonPool-worker-2" daemon [_thread_blocked, id=30852, stack(0x0000000022530000,0x0000000022630000)]
  0x0000000019646000 JavaThread "ForkJoinPool.commonPool-worker-1" daemon [_thread_blocked, id=24108, stack(0x0000000022430000,0x0000000022530000)]
  0x0000000019645000 JavaThread "Task worker for ':' Thread 3" [_thread_blocked, id=22136, stack(0x0000000022130000,0x0000000022230000)]
  0x000000001963d800 JavaThread "Task worker for ':' Thread 2" [_thread_in_Java, id=13424, stack(0x0000000022030000,0x0000000022130000)]
  0x0000000019644800 JavaThread "Task worker for ':'" [_thread_blocked, id=23748, stack(0x0000000021f30000,0x0000000022030000)]
  0x0000000019640800 JavaThread "Cache worker for Build Output Cleanup Cache (C:\Users\Jonnathan\Desktop\ionic\impecappble-provider\platforms\Multas\.gradle\buildOutputCleanup)" [_thread_blocked, id=13008, stack(0x0000000021e30000,0x0000000021f30000)]
  0x0000000019643000 JavaThread "Cache worker for task history cache (C:\Users\Jonnathan\Desktop\ionic\impecappble-provider\platforms\Multas\.gradle\4.4\taskHistory)" [_thread_blocked, id=16012, stack(0x0000000021930000,0x0000000021a30000)]
  0x000000001963d000 JavaThread "Cache worker for file content cache (C:\Users\Jonnathan\Desktop\ionic\impecappble-provider\platforms\Multas\.gradle\4.4\fileContent)" [_thread_blocked, id=11336, stack(0x0000000021170000,0x0000000021270000)]
  0x0000000019897000 JavaThread "Memory manager" [_thread_blocked, id=15872, stack(0x0000000020870000,0x0000000020970000)]
  0x0000000019893800 JavaThread "build operations Thread 4" [_thread_blocked, id=21484, stack(0x0000000020170000,0x0000000020270000)]
  0x0000000019892000 JavaThread "build operations Thread 3" [_thread_blocked, id=12324, stack(0x0000000020070000,0x0000000020170000)]
  0x0000000019896000 JavaThread "build operations Thread 2" [_thread_blocked, id=11236, stack(0x000000001ff70000,0x0000000020070000)]
  0x0000000019890000 JavaThread "build operations" [_thread_blocked, id=29440, stack(0x000000001e560000,0x000000001e660000)]
  0x0000000019891800 JavaThread "Cache worker for Artifact transforms cache (C:\Users\Jonnathan\.gradle\caches\transforms-1)" [_thread_blocked, id=8356, stack(0x000000001c060000,0x000000001c160000)]
  0x000000001ad5b000 JavaThread "Cache worker for file hash cache (C:\Users\Jonnathan\Desktop\ionic\impecappble-provider\platforms\Multas\.gradle\4.4\fileHashes)" [_thread_blocked, id=10456, stack(0x000000001bd60000,0x000000001be60000)]
  0x00000000197ae000 JavaThread "File lock request listener" [_thread_in_native, id=14568, stack(0x000000001bc60000,0x000000001bd60000)]
  0x0000000019168800 JavaThread "Cache worker for file hash cache (C:\Users\Jonnathan\.gradle\caches\4.4\fileHashes)" [_thread_blocked, id=21164, stack(0x000000001ab90000,0x000000001ac90000)]
  0x00000000184c5000 JavaThread "Stdin handler" [_thread_blocked, id=11884, stack(0x000000001a890000,0x000000001a990000)]
  0x00000000184c4000 JavaThread "Asynchronous log dispatcher for DefaultDaemonConnection: socket connection from /127.0.0.1:49976 to /127.0.0.1:49977" [_thread_blocked, id=15624, stack(0x000000001a790000,0x000000001a890000)]
  0x000000001849e000 JavaThread "Daemon worker" [_thread_blocked, id=31108, stack(0x000000001a690000,0x000000001a790000)]
  0x00000000186b8800 JavaThread "Cancel handler" [_thread_blocked, id=11032, stack(0x000000001a590000,0x000000001a690000)]
  0x00000000161de000 JavaThread "Handler for socket connection from /127.0.0.1:49976 to /127.0.0.1:49977" [_thread_in_native, id=15032, stack(0x000000001a290000,0x000000001a390000)]
  0x00000000161db000 JavaThread "Daemon" [_thread_blocked, id=12320, stack(0x000000001a190000,0x000000001a290000)]
  0x0000000017b25000 JavaThread "Daemon periodic checks" [_thread_blocked, id=16896, stack(0x000000001a090000,0x000000001a190000)]
  0x0000000018cfa800 JavaThread "Incoming local TCP Connector on port 49976" [_thread_in_native, id=10380, stack(0x0000000019e30000,0x0000000019f30000)]
  0x0000000017b49800 JavaThread "Service Thread" daemon [_thread_blocked, id=7308, stack(0x0000000017f20000,0x0000000018020000)]
  0x00000000161ac800 JavaThread "C1 CompilerThread2" daemon [_thread_blocked, id=18908, stack(0x0000000017a20000,0x0000000017b20000)]
=>0x00000000161a1800 JavaThread "C2 CompilerThread1" daemon [_thread_in_native, id=14324, stack(0x0000000017920000,0x0000000017a20000)]
  0x000000001619a800 JavaThread "C2 CompilerThread0" daemon [_thread_in_native, id=3580, stack(0x0000000017820000,0x0000000017920000)]
  0x0000000016199800 JavaThread "Attach Listener" daemon [_thread_blocked, id=16740, stack(0x0000000017720000,0x0000000017820000)]
  0x00000000161a6000 JavaThread "Signal Dispatcher" daemon [_thread_blocked, id=21152, stack(0x0000000017620000,0x0000000017720000)]
  0x000000000282c800 JavaThread "Finalizer" daemon [_thread_blocked, id=11356, stack(0x0000000017400000,0x0000000017500000)]
  0x0000000002821800 JavaThread "Reference Handler" daemon [_thread_blocked, id=15504, stack(0x0000000017300000,0x0000000017400000)]
  0x0000000002732800 JavaThread "main" [_thread_blocked, id=14132, stack(0x0000000002550000,0x0000000002650000)]

Other Threads:
  0x0000000016166000 VMThread [stack: 0x0000000017200000,0x0000000017300000] [id=1568]
  0x0000000017b4a000 WatcherThread [stack: 0x0000000018020000,0x0000000018120000] [id=2504]

VM state:not at safepoint (normal execution)

VM Mutex/Monitor currently owned by a thread: None

Heap:
 PSYoungGen      total 285696K, used 14035K [0x00000000e0000000, 0x00000000f5c00000, 0x0000000100000000)
  eden space 273920K, 0% used [0x00000000e0000000,0x00000000e023a7d0,0x00000000f0b80000)
  from space 11776K, 99% used [0x00000000f2000000,0x00000000f2b7a548,0x00000000f2b80000)
  to   space 20992K, 0% used [0x00000000f0b80000,0x00000000f0b80000,0x00000000f2000000)
 ParOldGen       total 116736K, used 72817K [0x00000000a0000000, 0x00000000a7200000, 0x00000000e0000000)
  object space 116736K, 62% used [0x00000000a0000000,0x00000000a471c4a8,0x00000000a7200000)
 Metaspace       used 63985K, capacity 66526K, committed 66648K, reserved 1107968K
  class space    used 8523K, capacity 9020K, committed 9088K, reserved 1048576K

Card table byte_map: [0x0000000011bf0000,0x0000000011f00000] byte_map_base: 0x00000000116f0000

Marking Bits: (ParMarkBitMap*) 0x0000000052624970
 Begin Bits: [0x0000000012500000, 0x0000000013d00000)
 End Bits:   [0x0000000013d00000, 0x0000000015500000)

Polling page: 0x0000000000c40000

CodeCache: size=245760Kb used=31836Kb max_used=31859Kb free=213923Kb
 bounds [0x0000000002830000, 0x0000000004770000, 0x0000000011830000]
 total_blobs=11001 nmethods=10211 adapters=701
 compilation: enabled

Compilation events (10 events):
Event: 36.699 Thread 0x00000000161ac800 11808       2       java.io.ByteArrayOutputStream::close (1 bytes)
Event: 36.699 Thread 0x00000000161ac800 nmethod 11808 0x000000000475a510 code [0x000000000475a660, 0x000000000475a7b0]
Event: 36.699 Thread 0x00000000161ac800 11809       2       java.io.FileInputStream::finalize (22 bytes)
Event: 36.699 Thread 0x00000000161ac800 nmethod 11809 0x000000000475a810 code [0x000000000475a980, 0x000000000475ab08]
Event: 36.699 Thread 0x00000000161ac800 11810       2       java.util.zip.ZipFile::finalize (5 bytes)
Event: 36.699 Thread 0x00000000161ac800 nmethod 11810 0x000000000475ab90 code [0x000000000475ad00, 0x000000000475ae88]
Event: 36.700 Thread 0x00000000161ac800 11811       2       com.android.tools.r8.code.NegInt::collectIndexedItems (6 bytes)
Event: 36.700 Thread 0x00000000161ac800 nmethod 11811 0x0000000004761250 code [0x00000000047613a0, 0x00000000047614f0]
Event: 36.705 Thread 0x000000001619a800 nmethod 11725 0x0000000004761590 code [0x0000000004761a40, 0x0000000004766520]
Event: 36.705 Thread 0x000000001619a800 11795       4       com.android.tools.r8.graph.DexCode::collectIndexedItems (93 bytes)

GC Heap History (10 events):
Event: 29.252 GC heap before
{Heap before GC invocations=25 (full 3):
 PSYoungGen      total 292352K, used 281272K [0x00000000e0000000, 0x00000000f2b80000, 0x0000000100000000)
  eden space 278016K, 100% used [0x00000000e0000000,0x00000000f0f80000,0x00000000f0f80000)
  from space 14336K, 22% used [0x00000000f0f80000,0x00000000f12ae3a0,0x00000000f1d80000)
  to   space 11776K, 0% used [0x00000000f2000000,0x00000000f2000000,0x00000000f2b80000)
 ParOldGen       total 116736K, used 56721K [0x00000000a0000000, 0x00000000a7200000, 0x00000000e0000000)
  object space 116736K, 48% used [0x00000000a0000000,0x00000000a3764440,0x00000000a7200000)
 Metaspace       used 63061K, capacity 65530K, committed 65752K, reserved 1105920K
  class space    used 8446K, capacity 8952K, committed 8960K, reserved 1048576K
Event: 29.259 GC heap after
Heap after GC invocations=25 (full 3):
 PSYoungGen      total 289792K, used 1952K [0x00000000e0000000, 0x00000000f2b80000, 0x0000000100000000)
  eden space 278016K, 0% used [0x00000000e0000000,0x00000000e0000000,0x00000000f0f80000)
  from space 11776K, 16% used [0x00000000f2000000,0x00000000f21e8000,0x00000000f2b80000)
  to   space 14336K, 0% used [0x00000000f0f80000,0x00000000f0f80000,0x00000000f1d80000)
 ParOldGen       total 116736K, used 56729K [0x00000000a0000000, 0x00000000a7200000, 0x00000000e0000000)
  object space 116736K, 48% used [0x00000000a0000000,0x00000000a3766440,0x00000000a7200000)
 Metaspace       used 63061K, capacity 65530K, committed 65752K, reserved 1105920K
  class space    used 8446K, capacity 8952K, committed 8960K, reserved 1048576K
}
Event: 30.391 GC heap before
{Heap before GC invocations=26 (full 3):
 PSYoungGen      total 289792K, used 279968K [0x00000000e0000000, 0x00000000f2b80000, 0x0000000100000000)
  eden space 278016K, 100% used [0x00000000e0000000,0x00000000f0f80000,0x00000000f0f80000)
  from space 11776K, 16% used [0x00000000f2000000,0x00000000f21e8000,0x00000000f2b80000)
  to   space 14336K, 0% used [0x00000000f0f80000,0x00000000f0f80000,0x00000000f1d80000)
 ParOldGen       total 116736K, used 56730K [0x00000000a0000000, 0x00000000a7200000, 0x00000000e0000000)
  object space 116736K, 48% used [0x00000000a0000000,0x00000000a3766a98,0x00000000a7200000)
 Metaspace       used 63086K, capacity 65530K, committed 65752K, reserved 1105920K
  class space    used 8446K, capacity 8952K, committed 8960K, reserved 1048576K
Event: 30.409 GC heap after
Heap after GC invocations=26 (full 3):
 PSYoungGen      total 292352K, used 4508K [0x00000000e0000000, 0x00000000f2b80000, 0x0000000100000000)
  eden space 278016K, 0% used [0x00000000e0000000,0x00000000e0000000,0x00000000f0f80000)
  from space 14336K, 31% used [0x00000000f0f80000,0x00000000f13e73c8,0x00000000f1d80000)
  to   space 11776K, 0% used [0x00000000f2000000,0x00000000f2000000,0x00000000f2b80000)
 ParOldGen       total 116736K, used 56738K [0x00000000a0000000, 0x00000000a7200000, 0x00000000e0000000)
  object space 116736K, 48% used [0x00000000a0000000,0x00000000a3768a98,0x00000000a7200000)
 Metaspace       used 63086K, capacity 65530K, committed 65752K, reserved 1105920K
  class space    used 8446K, capacity 8952K, committed 8960K, reserved 1048576K
}
Event: 31.360 GC heap before
{Heap before GC invocations=27 (full 3):
 PSYoungGen      total 292352K, used 282524K [0x00000000e0000000, 0x00000000f2b80000, 0x0000000100000000)
  eden space 278016K, 100% used [0x00000000e0000000,0x00000000f0f80000,0x00000000f0f80000)
  from space 14336K, 31% used [0x00000000f0f80000,0x00000000f13e73c8,0x00000000f1d80000)
  to   space 11776K, 0% used [0x00000000f2000000,0x00000000f2000000,0x00000000f2b80000)
 ParOldGen       total 116736K, used 56738K [0x00000000a0000000, 0x00000000a7200000, 0x00000000e0000000)
  object space 116736K, 48% used [0x00000000a0000000,0x00000000a3768a98,0x00000000a7200000)
 Metaspace       used 63106K, capacity 65594K, committed 65752K, reserved 1105920K
  class space    used 8446K, capacity 8952K, committed 8960K, reserved 1048576K
Event: 31.429 GC heap after
Heap after GC invocations=27 (full 3):
 PSYoungGen      total 289792K, used 10178K [0x00000000e0000000, 0x00000000f2b80000, 0x0000000100000000)
  eden space 278016K, 0% used [0x00000000e0000000,0x00000000e0000000,0x00000000f0f80000)
  from space 11776K, 86% used [0x00000000f2000000,0x00000000f29f0af8,0x00000000f2b80000)
  to   space 14336K, 0% used [0x00000000f0f80000,0x00000000f0f80000,0x00000000f1d80000)
 ParOldGen       total 116736K, used 56738K [0x00000000a0000000, 0x00000000a7200000, 0x00000000e0000000)
  object space 116736K, 48% used [0x00000000a0000000,0x00000000a3768a98,0x00000000a7200000)
 Metaspace       used 63106K, capacity 65594K, committed 65752K, reserved 1105920K
  class space    used 8446K, capacity 8952K, committed 8960K, reserved 1048576K
}
Event: 32.584 GC heap before
{Heap before GC invocations=28 (full 3):
 PSYoungGen      total 289792K, used 288194K [0x00000000e0000000, 0x00000000f2b80000, 0x0000000100000000)
  eden space 278016K, 100% used [0x00000000e0000000,0x00000000f0f80000,0x00000000f0f80000)
  from space 11776K, 86% used [0x00000000f2000000,0x00000000f29f0af8,0x00000000f2b80000)
  to   space 14336K, 0% used [0x00000000f0f80000,0x00000000f0f80000,0x00000000f1d80000)
 ParOldGen       total 116736K, used 56738K [0x00000000a0000000, 0x00000000a7200000, 0x00000000e0000000)
  object space 116736K, 48% used [0x00000000a0000000,0x00000000a3768a98,0x00000000a7200000)
 Metaspace       used 63142K, capacity 65608K, committed 65752K, reserved 1105920K
  class space    used 8447K, capacity 8955K, committed 8960K, reserved 1048576K
Event: 32.596 GC heap after
Heap after GC invocations=28 (full 3):
 PSYoungGen      total 292352K, used 3654K [0x00000000e0000000, 0x00000000f2b80000, 0x0000000100000000)
  eden space 278016K, 0% used [0x00000000e0000000,0x00000000e0000000,0x00000000f0f80000)
  from space 14336K, 25% used [0x00000000f0f80000,0x00000000f1311978,0x00000000f1d80000)
  to   space 11776K, 0% used [0x00000000f2000000,0x00000000f2000000,0x00000000f2b80000)
 ParOldGen       total 116736K, used 57138K [0x00000000a0000000, 0x00000000a7200000, 0x00000000e0000000)
  object space 116736K, 48% used [0x00000000a0000000,0x00000000a37ccac8,0x00000000a7200000)
 Metaspace       used 63142K, capacity 65608K, committed 65752K, reserved 1105920K
  class space    used 8447K, capacity 8955K, committed 8960K, reserved 1048576K
}
Event: 36.614 GC heap before
{Heap before GC invocations=29 (full 3):
 PSYoungGen      total 292352K, used 281670K [0x00000000e0000000, 0x00000000f2b80000, 0x0000000100000000)
  eden space 278016K, 100% used [0x00000000e0000000,0x00000000f0f80000,0x00000000f0f80000)
  from space 14336K, 25% used [0x00000000f0f80000,0x00000000f1311978,0x00000000f1d80000)
  to   space 11776K, 0% used [0x00000000f2000000,0x00000000f2000000,0x00000000f2b80000)
 ParOldGen       total 116736K, used 57138K [0x00000000a0000000, 0x00000000a7200000, 0x00000000e0000000)
  object space 116736K, 48% used [0x00000000a0000000,0x00000000a37ccac8,0x00000000a7200000)
 Metaspace       used 63984K, capacity 66526K, committed 66648K, reserved 1107968K
  class space    used 8523K, capacity 9020K, committed 9088K, reserved 1048576K
Event: 36.698 GC heap after
Heap after GC invocations=29 (full 3):
 PSYoungGen      total 285696K, used 11753K [0x00000000e0000000, 0x00000000f5c00000, 0x0000000100000000)
  eden space 273920K, 0% used [0x00000000e0000000,0x00000000e0000000,0x00000000f0b80000)
  from space 11776K, 99% used [0x00000000f2000000,0x00000000f2b7a548,0x00000000f2b80000)
  to   space 20992K, 0% used [0x00000000f0b80000,0x00000000f0b80000,0x00000000f2000000)
 ParOldGen       total 116736K, used 72817K [0x00000000a0000000, 0x00000000a7200000, 0x00000000e0000000)
  object space 116736K, 62% used [0x00000000a0000000,0x00000000a471c4a8,0x00000000a7200000)
 Metaspace       used 63984K, capacity 66526K, committed 66648K, reserved 1107968K
  class space    used 8523K, capacity 9020K, committed 9088K, reserved 1048576K
}

Deoptimization events (10 events):
Event: 33.502 Thread 0x0000000023c16000 Uncommon trap: reason=class_check action=maybe_recompile pc=0x000000000429cfd4 method=com.android.tools.r8.utils.InternalOptions.isGeneratingDexIndexed()Z @ 4
Event: 33.575 Thread 0x0000000023c17000 Uncommon trap: reason=unstable_if action=reinterpret pc=0x0000000003a14e80 method=java.util.concurrent.locks.ReentrantLock$Sync.nonfairTryAcquire(I)Z @ 19
Event: 34.704 Thread 0x000000001963d800 Uncommon trap: reason=unstable_if action=reinterpret pc=0x0000000003b7ad64 method=com.google.common.collect.MapMakerInternalMap$Segment.getEntry(Ljava/lang/Object;I)Lcom/google/common/collect/MapMakerInternalMap$ReferenceEntry; @ 40
Event: 34.711 Thread 0x000000001963d800 Uncommon trap: reason=null_assert action=make_not_entrant pc=0x0000000003004c38 method=com.google.common.cache.LocalCache.processPendingNotifications()V @ 9
Event: 34.714 Thread 0x000000001963d800 Uncommon trap: reason=unstable_if action=reinterpret pc=0x0000000003112974 method=com.google.common.collect.MapMakerInternalMap$Segment.drainKeyReferenceQueue()V @ 11
Event: 34.717 Thread 0x000000001963d800 Uncommon trap: reason=unstable_if action=reinterpret pc=0x0000000002af0068 method=com.google.common.collect.MapMakerInternalMap$Segment.drainKeyReferenceQueue()V @ 11
Event: 35.353 Thread 0x0000000019643000 Uncommon trap: reason=unstable_if action=reinterpret pc=0x0000000003a808d8 method=com.esotericsoftware.kryo.io.Output.writeBytes([BII)V @ 61
Event: 35.548 Thread 0x000000001963d800 Uncommon trap: reason=unstable_if action=reinterpret pc=0x00000000038d0154 method=java.nio.Bits.getShort(Ljava/nio/ByteBuffer;IZ)S @ 1
Event: 35.861 Thread 0x0000000023c10000 Uncommon trap: reason=unstable_if action=reinterpret pc=0x0000000003449db0 method=java.util.Arrays.hashCode([Ljava/lang/Object;)I @ 1
Event: 36.110 Thread 0x0000000023c15800 Uncommon trap: reason=unstable_if action=reinterpret pc=0x000000000469f240 method=com.android.tools.r8.it.unimi.dsi.fastutil.ints.Int2ObjectOpenHashMap.get(I)Ljava/lang/Object; @ 8

Classes redefined (0 events):
No events

Internal exceptions (10 events):
Event: 33.985 Thread 0x0000000023c10000 Exception <a 'sun/nio/fs/WindowsException'> (0x00000000eb2a5390) thrown at [D:\src\AOSP-openjdk-cygwin\jdk8u\hotspot\src\share\vm\prims\jni.cpp, line 709]
Event: 33.991 Thread 0x0000000023c10000 Exception <a 'sun/nio/fs/WindowsException'> (0x00000000eb2eb770) thrown at [D:\src\AOSP-openjdk-cygwin\jdk8u\hotspot\src\share\vm\prims\jni.cpp, line 709]
Event: 33.993 Thread 0x0000000023c10000 Exception <a 'sun/nio/fs/WindowsException'> (0x00000000eb330bd8) thrown at [D:\src\AOSP-openjdk-cygwin\jdk8u\hotspot\src\share\vm\prims\jni.cpp, line 709]
Event: 33.994 Thread 0x0000000023c10000 Exception <a 'sun/nio/fs/WindowsException'> (0x00000000eb376df0) thrown at [D:\src\AOSP-openjdk-cygwin\jdk8u\hotspot\src\share\vm\prims\jni.cpp, line 709]
Event: 33.995 Thread 0x0000000023c10000 Exception <a 'sun/nio/fs/WindowsException'> (0x00000000eb3bc968) thrown at [D:\src\AOSP-openjdk-cygwin\jdk8u\hotspot\src\share\vm\prims\jni.cpp, line 709]
Event: 33.996 Thread 0x0000000023c10000 Exception <a 'sun/nio/fs/WindowsException'> (0x00000000eb403008) thrown at [D:\src\AOSP-openjdk-cygwin\jdk8u\hotspot\src\share\vm\prims\jni.cpp, line 709]
Event: 33.999 Thread 0x0000000023c10000 Exception <a 'sun/nio/fs/WindowsException'> (0x00000000eb453320) thrown at [D:\src\AOSP-openjdk-cygwin\jdk8u\hotspot\src\share\vm\prims\jni.cpp, line 709]
Event: 33.999 Thread 0x0000000023c14800 Exception <a 'sun/nio/fs/WindowsException'> (0x00000000eb22b468) thrown at [D:\src\AOSP-openjdk-cygwin\jdk8u\hotspot\src\share\vm\prims\jni.cpp, line 709]
Event: 35.511 Thread 0x000000001963d800 Exception <a 'sun/nio/fs/WindowsException'> (0x00000000ece18968) thrown at [D:\src\AOSP-openjdk-cygwin\jdk8u\hotspot\src\share\vm\prims\jni.cpp, line 709]
Event: 35.861 Thread 0x0000000023c10000 Implicit null exception at 0x0000000003449caf to 0x0000000003449da1

Events (10 events):
Event: 36.165 Thread 0x0000000023c10000 DEOPT UNPACKING pc=0x00000000028775d0 sp=0x000000002c8ce830 mode 0
Event: 36.183 Executing VM operation: RevokeBias
Event: 36.188 Executing VM operation: RevokeBias done
Event: 36.188 Thread 0x0000000019642000 Thread exited: 0x0000000019642000
Event: 36.305 Thread 0x0000000023c10000 DEOPT PACKING pc=0x0000000004717f2f sp=0x000000002c8cec30
Event: 36.305 Thread 0x0000000023c10000 DEOPT UNPACKING pc=0x00000000028775d0 sp=0x000000002c8cea08 mode 0
Event: 36.456 Thread 0x000000001963d800 DEOPT PACKING pc=0x0000000004080d3b sp=0x000000002212c500
Event: 36.457 Thread 0x000000001963d800 DEOPT UNPACKING pc=0x00000000028775d0 sp=0x000000002212c250 mode 0
Event: 36.614 Executing VM operation: ParallelGCFailedAllocation
Event: 36.698 Executing VM operation: ParallelGCFailedAllocation done


Dynamic libraries:
0x00007ff6fcf80000 - 0x00007ff6fcfb1000 	C:\Program Files\Android\Android Studio1\jre\bin\java.exe
0x00007ff9d6010000 - 0x00007ff9d61f1000 	C:\WINDOWS\SYSTEM32\ntdll.dll
0x00007ff9c4740000 - 0x00007ff9c4752000 	C:\Program Files (x86)\AVG\Antivirus\aswhook.dll
0x00007ff9d3810000 - 0x00007ff9d38c2000 	C:\WINDOWS\System32\KERNEL32.DLL
0x00007ff9d2ba0000 - 0x00007ff9d2e13000 	C:\WINDOWS\System32\KERNELBASE.dll
0x00007ff9d5a80000 - 0x00007ff9d5b21000 	C:\WINDOWS\System32\ADVAPI32.dll
0x00007ff9d38d0000 - 0x00007ff9d396e000 	C:\WINDOWS\System32\msvcrt.dll
0x00007ff9d3670000 - 0x00007ff9d36cb000 	C:\WINDOWS\System32\sechost.dll
0x00007ff9d36d0000 - 0x00007ff9d37f4000 	C:\WINDOWS\System32\RPCRT4.dll
0x00007ff9d5720000 - 0x00007ff9d58b0000 	C:\WINDOWS\System32\USER32.dll
0x00007ff9d2ed0000 - 0x00007ff9d2ef0000 	C:\WINDOWS\System32\win32u.dll
0x00007ff9d5550000 - 0x00007ff9d5578000 	C:\WINDOWS\System32\GDI32.dll
0x00007ff9d3300000 - 0x00007ff9d3492000 	C:\WINDOWS\System32\gdi32full.dll
0x00007ff9d3260000 - 0x00007ff9d32ff000 	C:\WINDOWS\System32\msvcp_win.dll
0x00007ff9d2f70000 - 0x00007ff9d3068000 	C:\WINDOWS\System32\ucrtbase.dll
0x00007ff9c3090000 - 0x00007ff9c32f9000 	C:\WINDOWS\WinSxS\amd64_microsoft.windows.common-controls_6595b64144ccf1df_6.0.17134.648_none_fb45a0e93062a6d2\COMCTL32.dll
0x00007ff9d5cb0000 - 0x00007ff9d5fd2000 	C:\WINDOWS\System32\combase.dll
0x00007ff9d2ef0000 - 0x00007ff9d2f6a000 	C:\WINDOWS\System32\bcryptPrimitives.dll
0x00007ff9d3640000 - 0x00007ff9d366d000 	C:\WINDOWS\System32\IMM32.DLL
0x0000000052e90000 - 0x0000000052f62000 	C:\Program Files\Android\Android Studio1\jre\jre\bin\msvcr100.dll
0x0000000051e60000 - 0x000000005269f000 	C:\Program Files\Android\Android Studio1\jre\jre\bin\server\jvm.dll
0x00007ff9d4e10000 - 0x00007ff9d4e18000 	C:\WINDOWS\System32\PSAPI.DLL
0x00007ff9c37b0000 - 0x00007ff9c37b9000 	C:\WINDOWS\SYSTEM32\WSOCK32.dll
0x00007ff9d5030000 - 0x00007ff9d509c000 	C:\WINDOWS\System32\WS2_32.dll
0x00007ff9cfe90000 - 0x00007ff9cfeb3000 	C:\WINDOWS\SYSTEM32\WINMM.dll
0x00007ff9c2f10000 - 0x00007ff9c2f1a000 	C:\WINDOWS\SYSTEM32\VERSION.dll
0x00007ff9cfd40000 - 0x00007ff9cfd6a000 	C:\WINDOWS\SYSTEM32\WINMMBASE.dll
0x00007ff9d2e20000 - 0x00007ff9d2e69000 	C:\WINDOWS\System32\cfgmgr32.dll
0x00007ff9c6d40000 - 0x00007ff9c6d4f000 	C:\Program Files\Android\Android Studio1\jre\jre\bin\verify.dll
0x00007ff9a9e50000 - 0x00007ff9a9e79000 	C:\Program Files\Android\Android Studio1\jre\jre\bin\java.dll
0x00007ff9c1390000 - 0x00007ff9c13a6000 	C:\Program Files\Android\Android Studio1\jre\jre\bin\zip.dll
0x00007ff9d3970000 - 0x00007ff9d4db0000 	C:\WINDOWS\System32\SHELL32.dll
0x00007ff9d5b30000 - 0x00007ff9d5bd9000 	C:\WINDOWS\System32\shcore.dll
0x00007ff9d2490000 - 0x00007ff9d2b9d000 	C:\WINDOWS\System32\windows.storage.dll
0x00007ff9d54f0000 - 0x00007ff9d5541000 	C:\WINDOWS\System32\shlwapi.dll
0x00007ff9d23c0000 - 0x00007ff9d23d1000 	C:\WINDOWS\System32\kernel.appcore.dll
0x00007ff9d23a0000 - 0x00007ff9d23bf000 	C:\WINDOWS\System32\profapi.dll
0x00007ff9d2350000 - 0x00007ff9d239c000 	C:\WINDOWS\System32\powrprof.dll
0x00007ff9d2320000 - 0x00007ff9d232a000 	C:\WINDOWS\System32\FLTLIB.DLL
0x00007ff9b7e80000 - 0x00007ff9b7e9a000 	C:\Program Files\Android\Android Studio1\jre\jre\bin\net.dll
0x00007ff9d1b40000 - 0x00007ff9d1ba6000 	C:\WINDOWS\system32\mswsock.dll
0x00007ff9b5550000 - 0x00007ff9b5561000 	C:\Program Files\Android\Android Studio1\jre\jre\bin\nio.dll
0x00007ff9b72c0000 - 0x00007ff9b72de000 	C:\Users\Jonnathan\.gradle\native\25\windows-amd64\native-platform.dll
0x00007ff9c6a00000 - 0x00007ff9c6a0d000 	C:\Program Files\Android\Android Studio1\jre\jre\bin\management.dll
0x00007ff9d1cf0000 - 0x00007ff9d1d07000 	C:\WINDOWS\SYSTEM32\CRYPTSP.dll
0x00007ff9d1720000 - 0x00007ff9d1753000 	C:\WINDOWS\system32\rsaenh.dll
0x00007ff9d1e20000 - 0x00007ff9d1e45000 	C:\WINDOWS\SYSTEM32\bcrypt.dll
0x00007ff9d2250000 - 0x00007ff9d2278000 	C:\WINDOWS\SYSTEM32\USERENV.dll
0x00007ff9d1d10000 - 0x00007ff9d1d1b000 	C:\WINDOWS\SYSTEM32\CRYPTBASE.dll
0x00007ff9d18c0000 - 0x00007ff9d18f8000 	C:\WINDOWS\SYSTEM32\IPHLPAPI.DLL
0x00007ff9d4e20000 - 0x00007ff9d4e28000 	C:\WINDOWS\System32\NSI.dll
0x00007ff9ca040000 - 0x00007ff9ca056000 	C:\WINDOWS\SYSTEM32\dhcpcsvc6.DLL
0x00007ff9ca020000 - 0x00007ff9ca03a000 	C:\WINDOWS\SYSTEM32\dhcpcsvc.DLL

VM Arguments:
jvm_args: -Xmx1536m -Dfile.encoding=windows-1252 -Duser.country=CO -Duser.language=es -Duser.variant 
java_command: org.gradle.launcher.daemon.bootstrap.GradleDaemon 4.4
java_class_path (initial): C:\Users\Jonnathan\.gradle\wrapper\dists\gradle-4.4-all\9br9xq1tocpiv8o6njlyu5op1\gradle-4.4\lib\gradle-launcher-4.4.jar
Launcher Type: SUN_STANDARD

Environment Variables:
CLASSPATH=.;C:\Program Files\swipl\lib\jpl.jar;C:\Program Files\swipl\lib;
PATH=C:\app\Jonnathan\virtual\product\12.2.0\dbhome_1\bin;C:\ProgramData\Oracle\Java\javapath;C:\WINDOWS\system32;C:\WINDOWS;C:\WINDOWS\System32\Wbem;C:\WINDOWS\System32\WindowsPowerShell\v1.0\;C:\Program Files (x86)\Common Files\lenovo\easyplussdk\bin;C:\xampp\php;C:\ProgramData\ComposerSetup\bin;C:\Program Files\Intel\WiFi\bin\;C:\Program Files\Common Files\Intel\WirelessCommon\;C:\Program Files\swipl\lib\jpl.jar;C:\Program Files\swipl\bin;C:\Program Files (x86)\Git\cmd;C:\Program Files (x86)\MySQL\MySQL Utilities\;C:\Windows\SysWOW64\instantclient_11_2;C:\xampp\php\ext;C:\Program Files\nodejs\;C:\WINDOWS\System32\OpenSSH\;C:\Program Files\dotnet\;C:\Program Files\Microsoft SQL Server\130\Tools\Binn\;C:\Users\Jonnathan\AppData\Local\Programs\Python\Python36-32\Scripts\;C:\Users\Jonnathan\AppData\Local\Programs\Python\Python36-32\;C:\Users\Jonnathan\AppData\Local\Microsoft\WindowsApps;C:\Users\Jonnathan\AppData\Roaming\Composer\vendor\bin;C:\Users\Jonnathan\AppData\Roaming\npm;;C:\Users\Jonnathan\AppData\Local\Programs\Microsoft VS Code\bin
USERNAME=Jonnathan
OS=Windows_NT
PROCESSOR_IDENTIFIER=Intel64 Family 6 Model 78 Stepping 3, GenuineIntel



---------------  S Y S T E M  ---------------

OS: Windows 10.0 , 64 bit Build 17134 (10.0.17134.648)

CPU:total 4 (initial active 4) (2 cores per cpu, 2 threads per core) family 6 model 78 stepping 3, cmov, cx8, fxsr, mmx, sse, sse2, sse3, ssse3, sse4.1, sse4.2, popcnt, avx, avx2, aes, clmul, erms, 3dnowpref, lzcnt, ht, tsc, tscinvbit, bmi1, bmi2, adx

Memory: 4k page, physical 8265128k(266048k free), swap 8265128k(5444k free)

vm_info: OpenJDK 64-Bit Server VM (25.152-b02) for windows-amd64 JRE (1.8.0_152-release-1024-b02), built by "builder" with MS VC++ 10.0 (VS2010)

time: Mon May 06 00:15:33 2019
elapsed time: 36 seconds (0d 0h 0m 36s)

